This is pdfTeX, Version 3.1415926-2.5-1.40.14 (TeX Live 2013) (format=pdflatex 2013.8.12)  3 JUL 2015 11:39
entering extended mode
 restricted \write18 enabled.
 %&-line parsing enabled.
**funktionenraeume.tex
(./funktionenraeume.tex
LaTeX2e <2011/06/27>
Babel <3.9f> and hyphenation patterns for 78 languages loaded.
(/usr/local/texlive/2013/texmf-dist/tex/latex/base/report.cls
Document Class: report 2007/10/19 v1.4h Standard LaTeX document class
(/usr/local/texlive/2013/texmf-dist/tex/latex/base/size10.clo
File: size10.clo 2007/10/19 v1.4h Standard LaTeX file (size option)
)
\c@part=\count79
\c@chapter=\count80
\c@section=\count81
\c@subsection=\count82
\c@subsubsection=\count83
\c@paragraph=\count84
\c@subparagraph=\count85
\c@figure=\count86
\c@table=\count87
\abovecaptionskip=\skip41
\belowcaptionskip=\skip42
\bibindent=\dimen102
)
(/usr/local/texlive/2013/texmf-dist/tex/latex/mh/mathtools.sty
Package: mathtools 2013/02/12 v1.13 mathematical typesetting tools

(/usr/local/texlive/2013/texmf-dist/tex/latex/graphics/keyval.sty
Package: keyval 1999/03/16 v1.13 key=value parser (DPC)
\KV@toks@=\toks14
)
(/usr/local/texlive/2013/texmf-dist/tex/latex/tools/calc.sty
Package: calc 2007/08/22 v4.3 Infix arithmetic (KKT,FJ)
\calc@Acount=\count88
\calc@Bcount=\count89
\calc@Adimen=\dimen103
\calc@Bdimen=\dimen104
\calc@Askip=\skip43
\calc@Bskip=\skip44
LaTeX Info: Redefining \setlength on input line 76.
LaTeX Info: Redefining \addtolength on input line 77.
\calc@Ccount=\count90
\calc@Cskip=\skip45
)
(/usr/local/texlive/2013/texmf-dist/tex/latex/mh/mhsetup.sty
Package: mhsetup 2010/01/21 v1.2a programming setup (MH)
)
(/usr/local/texlive/2013/texmf-dist/tex/latex/amsmath/amsmath.sty
Package: amsmath 2013/01/14 v2.14 AMS math features
\@mathmargin=\skip46

For additional information on amsmath, use the `?' option.
(/usr/local/texlive/2013/texmf-dist/tex/latex/amsmath/amstext.sty
Package: amstext 2000/06/29 v2.01

(/usr/local/texlive/2013/texmf-dist/tex/latex/amsmath/amsgen.sty
File: amsgen.sty 1999/11/30 v2.0
\@emptytoks=\toks15
\ex@=\dimen105
))
(/usr/local/texlive/2013/texmf-dist/tex/latex/amsmath/amsbsy.sty
Package: amsbsy 1999/11/29 v1.2d
\pmbraise@=\dimen106
)
(/usr/local/texlive/2013/texmf-dist/tex/latex/amsmath/amsopn.sty
Package: amsopn 1999/12/14 v2.01 operator names
)
\inf@bad=\count91
LaTeX Info: Redefining \frac on input line 210.
\uproot@=\count92
\leftroot@=\count93
LaTeX Info: Redefining \overline on input line 306.
\classnum@=\count94
\DOTSCASE@=\count95
LaTeX Info: Redefining \ldots on input line 378.
LaTeX Info: Redefining \dots on input line 381.
LaTeX Info: Redefining \cdots on input line 466.
\Mathstrutbox@=\box26
\strutbox@=\box27
\big@size=\dimen107
LaTeX Font Info:    Redeclaring font encoding OML on input line 566.
LaTeX Font Info:    Redeclaring font encoding OMS on input line 567.
\macc@depth=\count96
\c@MaxMatrixCols=\count97
\dotsspace@=\muskip10
\c@parentequation=\count98
\dspbrk@lvl=\count99
\tag@help=\toks16
\row@=\count100
\column@=\count101
\maxfields@=\count102
\andhelp@=\toks17
\eqnshift@=\dimen108
\alignsep@=\dimen109
\tagshift@=\dimen110
\tagwidth@=\dimen111
\totwidth@=\dimen112
\lineht@=\dimen113
\@envbody=\toks18
\multlinegap=\skip47
\multlinetaggap=\skip48
\mathdisplay@stack=\toks19
LaTeX Info: Redefining \[ on input line 2665.
LaTeX Info: Redefining \] on input line 2666.
)
LaTeX Info: Thecontrolsequence`\['isalreadyrobust on input line 129.
LaTeX Info: Thecontrolsequence`\]'isalreadyrobust on input line 129.
\g_MT_multlinerow_int=\count103
\l_MT_multwidth_dim=\dimen114
\origjot=\skip49
\l_MT_shortvdotswithinadjustabove_dim=\dimen115
\l_MT_shortvdotswithinadjustbelow_dim=\dimen116
\l_MT_above_intertext_sep=\dimen117
\l_MT_below_intertext_sep=\dimen118
\l_MT_above_shortintertext_sep=\dimen119
\l_MT_below_shortintertext_sep=\dimen120
)
(/usr/local/texlive/2013/texmf-dist/tex/latex/etex-pkg/etex.sty
Package: etex 1998/03/26 v2.0 eTeX basic definition package (PEB)
\et@xins=\count104
)
(/usr/local/texlive/2013/texmf-dist/tex/generic/xypic/xy.sty
(/usr/local/texlive/2013/texmf-dist/tex/generic/xypic/xy.tex Bootstrap'ing:
catcodes, docmode,
(/usr/local/texlive/2013/texmf-dist/tex/generic/xypic/xyrecat.tex)
(/usr/local/texlive/2013/texmf-dist/tex/generic/xypic/xyidioms.tex)

 Xy-pic version 3.8.8 <2012/05/24>
 Copyright (c) 1991-2011 by Kristoffer H. Rose <krisrose@tug.org>
 Xy-pic is free software: see the User's Guide for details.

Loading kernel: messages; fonts; allocations: state,
\X@c=\dimen121
\Y@c=\dimen122
\U@c=\dimen123
\D@c=\dimen124
\L@c=\dimen125
\R@c=\dimen126
\Edge@c=\toks20
\X@p=\dimen127
\Y@p=\dimen128
\U@p=\dimen129
\D@p=\dimen130
\L@p=\dimen131
\R@p=\dimen132
\Edge@p=\toks21
\X@origin=\dimen133
\Y@origin=\dimen134
\X@xbase=\dimen135
\Y@xbase=\dimen136
\X@ybase=\dimen137
\Y@ybase=\dimen138
\X@min=\dimen139
\Y@min=\dimen140
\X@max=\dimen141
\Y@max=\dimen142
\lastobjectbox@=\box28
\zerodotbox@=\box29
\almostz@=\dimen143
 direction,
\d@X=\dimen144
\d@Y=\dimen145
\K@=\count105
\KK@=\count106
\Direction=\count107
\K@dXdY=\dimen146
\K@dYdX=\dimen147
\xyread@=\read1
\xywrite@=\write3
\csp@=\count108
\quotPTK@=\dimen148

utility macros; pictures: \xy, positions,
\swaptoks@@=\toks22
\connectobjectbox@@=\box30
 objects,
\styletoks@=\toks23
 decorations;
kernel objects: directionals, circles, text; options; algorithms: directions,
edges, connections;  Xy-pic loaded)
(/usr/local/texlive/2013/texmf-dist/tex/generic/oberdiek/ifpdf.sty
Package: ifpdf 2011/01/30 v2.3 Provides the ifpdf switch (HO)
Package ifpdf Info: pdfTeX in PDF mode is detected.
)
Package: xy 2012/05/24 Xy-pic version 3.8.8

(/usr/local/texlive/2013/texmf-dist/tex/generic/xypic/xyall.tex
 Xy-pic option: All features v.3.8
(/usr/local/texlive/2013/texmf-dist/tex/generic/xypic/xycurve.tex
 Xy-pic option: Curve and Spline extension v.3.12 curve,
\crv@cnt@=\count109
\crvpts@=\toks24
\splinebox@=\box31
\splineval@=\dimen149
\splinedepth@=\dimen150
\splinetol@=\dimen151
\splinelength@=\dimen152
 circles,
\L@=\dimen153
 loaded)
(/usr/local/texlive/2013/texmf-dist/tex/generic/xypic/xyframe.tex
 Xy-pic option: Frame and Bracket extension v.3.14 loaded)
(/usr/local/texlive/2013/texmf-dist/tex/generic/xypic/xycmtip.tex
 Xy-pic option: Computer Modern tip extension v.3.7
(/usr/local/texlive/2013/texmf-dist/tex/generic/xypic/xytips.tex
 Xy-pic option: More Tips extension v.3.9 loaded) loaded)
(/usr/local/texlive/2013/texmf-dist/tex/generic/xypic/xyline.tex
 Xy-pic option: Line styles extension v.3.10
\xylinethick@=\dimen154
 loaded)
(/usr/local/texlive/2013/texmf-dist/tex/generic/xypic/xyrotate.tex
 Xy-pic option: Rotate and Scale extension v.3.8 loaded)
(/usr/local/texlive/2013/texmf-dist/tex/generic/xypic/xycolor.tex
 Xy-pic option: Colour extension v.3.11 loaded)
(/usr/local/texlive/2013/texmf-dist/tex/generic/xypic/xymatrix.tex
 Xy-pic option: Matrix feature v.3.14
\Row=\count110
\Col=\count111
\queue@=\toks25
\queue@@=\toks26
\qcount@=\count112
\qcount@@=\count113
\matrixsize@=\count114
 loaded)
(/usr/local/texlive/2013/texmf-dist/tex/generic/xypic/xyarrow.tex
 Xy-pic option: Arrow and Path feature v.3.9 path, \ar, loaded)
(/usr/local/texlive/2013/texmf-dist/tex/generic/xypic/xygraph.tex
 Xy-pic option: Graph feature v.3.11 loaded) loaded)
(/usr/local/texlive/2013/texmf-dist/tex/generic/xypic/xypdf.tex
 Xy-pic option: PDF driver v.1.7 Xy-pic pdf driver: `color' extension support
(/usr/local/texlive/2013/texmf-dist/tex/generic/xypic/xypdf-co.tex loaded)
Xy-pic pdf driver: `curve' extension support
(/usr/local/texlive/2013/texmf-dist/tex/generic/xypic/xypdf-cu.tex loaded)
Xy-pic pdf driver: `frame' extension support
(/usr/local/texlive/2013/texmf-dist/tex/generic/xypic/xypdf-fr.tex loaded)
Xy-pic pdf driver: `line' extension support
(/usr/local/texlive/2013/texmf-dist/tex/generic/xypic/xypdf-li.tex loaded)
Xy-pic pdf driver: `rotate' extension support
(/usr/local/texlive/2013/texmf-dist/tex/generic/xypic/xypdf-ro.tex loaded)
loaded)) (/usr/local/texlive/2013/texmf-dist/tex/generic/babel/babel.sty
Package: babel 2013/05/16 v3.9f The Babel package

(/usr/local/texlive/2013/texmf-dist/tex/generic/babel-english/english.ldf
Language: english 2012/08/20 v3.3p English support from the babel system

(/usr/local/texlive/2013/texmf-dist/tex/generic/babel/babel.def
File: babel.def 2013/05/16 v3.9f Babel common definitions
\babel@savecnt=\count115
\U@D=\dimen155
)
\l@canadian = a dialect from \language\l@american 
\l@australian = a dialect from \language\l@british 
\l@newzealand = a dialect from \language\l@british 
)
(/usr/local/texlive/2013/texmf-dist/tex/generic/babel-german/ngermanb.ldf
Language: ngermanb 2008/07/06 v2.6n new German support from the babel system
\l@naustrian = a dialect from \language\l@ngerman 
Package babel Info: Making " an active character on input line 92.
))
(/usr/local/texlive/2013/texmf-dist/tex/latex/base/inputenc.sty
Package: inputenc 2008/03/30 v1.1d Input encoding file
\inpenc@prehook=\toks27
\inpenc@posthook=\toks28

(/usr/local/texlive/2013/texmf-dist/tex/latex/base/utf8.def
File: utf8.def 2008/04/05 v1.1m UTF-8 support for inputenc
Now handling font encoding OML ...
... no UTF-8 mapping file for font encoding OML
Now handling font encoding T1 ...
... processing UTF-8 mapping file for font encoding T1

(/usr/local/texlive/2013/texmf-dist/tex/latex/base/t1enc.dfu
File: t1enc.dfu 2008/04/05 v1.1m UTF-8 support for inputenc
   defining Unicode char U+00A1 (decimal 161)
   defining Unicode char U+00A3 (decimal 163)
   defining Unicode char U+00AB (decimal 171)
   defining Unicode char U+00BB (decimal 187)
   defining Unicode char U+00BF (decimal 191)
   defining Unicode char U+00C0 (decimal 192)
   defining Unicode char U+00C1 (decimal 193)
   defining Unicode char U+00C2 (decimal 194)
   defining Unicode char U+00C3 (decimal 195)
   defining Unicode char U+00C4 (decimal 196)
   defining Unicode char U+00C5 (decimal 197)
   defining Unicode char U+00C6 (decimal 198)
   defining Unicode char U+00C7 (decimal 199)
   defining Unicode char U+00C8 (decimal 200)
   defining Unicode char U+00C9 (decimal 201)
   defining Unicode char U+00CA (decimal 202)
   defining Unicode char U+00CB (decimal 203)
   defining Unicode char U+00CC (decimal 204)
   defining Unicode char U+00CD (decimal 205)
   defining Unicode char U+00CE (decimal 206)
   defining Unicode char U+00CF (decimal 207)
   defining Unicode char U+00D0 (decimal 208)
   defining Unicode char U+00D1 (decimal 209)
   defining Unicode char U+00D2 (decimal 210)
   defining Unicode char U+00D3 (decimal 211)
   defining Unicode char U+00D4 (decimal 212)
   defining Unicode char U+00D5 (decimal 213)
   defining Unicode char U+00D6 (decimal 214)
   defining Unicode char U+00D8 (decimal 216)
   defining Unicode char U+00D9 (decimal 217)
   defining Unicode char U+00DA (decimal 218)
   defining Unicode char U+00DB (decimal 219)
   defining Unicode char U+00DC (decimal 220)
   defining Unicode char U+00DD (decimal 221)
   defining Unicode char U+00DE (decimal 222)
   defining Unicode char U+00DF (decimal 223)
   defining Unicode char U+00E0 (decimal 224)
   defining Unicode char U+00E1 (decimal 225)
   defining Unicode char U+00E2 (decimal 226)
   defining Unicode char U+00E3 (decimal 227)
   defining Unicode char U+00E4 (decimal 228)
   defining Unicode char U+00E5 (decimal 229)
   defining Unicode char U+00E6 (decimal 230)
   defining Unicode char U+00E7 (decimal 231)
   defining Unicode char U+00E8 (decimal 232)
   defining Unicode char U+00E9 (decimal 233)
   defining Unicode char U+00EA (decimal 234)
   defining Unicode char U+00EB (decimal 235)
   defining Unicode char U+00EC (decimal 236)
   defining Unicode char U+00ED (decimal 237)
   defining Unicode char U+00EE (decimal 238)
   defining Unicode char U+00EF (decimal 239)
   defining Unicode char U+00F0 (decimal 240)
   defining Unicode char U+00F1 (decimal 241)
   defining Unicode char U+00F2 (decimal 242)
   defining Unicode char U+00F3 (decimal 243)
   defining Unicode char U+00F4 (decimal 244)
   defining Unicode char U+00F5 (decimal 245)
   defining Unicode char U+00F6 (decimal 246)
   defining Unicode char U+00F8 (decimal 248)
   defining Unicode char U+00F9 (decimal 249)
   defining Unicode char U+00FA (decimal 250)
   defining Unicode char U+00FB (decimal 251)
   defining Unicode char U+00FC (decimal 252)
   defining Unicode char U+00FD (decimal 253)
   defining Unicode char U+00FE (decimal 254)
   defining Unicode char U+00FF (decimal 255)
   defining Unicode char U+0102 (decimal 258)
   defining Unicode char U+0103 (decimal 259)
   defining Unicode char U+0104 (decimal 260)
   defining Unicode char U+0105 (decimal 261)
   defining Unicode char U+0106 (decimal 262)
   defining Unicode char U+0107 (decimal 263)
   defining Unicode char U+010C (decimal 268)
   defining Unicode char U+010D (decimal 269)
   defining Unicode char U+010E (decimal 270)
   defining Unicode char U+010F (decimal 271)
   defining Unicode char U+0110 (decimal 272)
   defining Unicode char U+0111 (decimal 273)
   defining Unicode char U+0118 (decimal 280)
   defining Unicode char U+0119 (decimal 281)
   defining Unicode char U+011A (decimal 282)
   defining Unicode char U+011B (decimal 283)
   defining Unicode char U+011E (decimal 286)
   defining Unicode char U+011F (decimal 287)
   defining Unicode char U+0130 (decimal 304)
   defining Unicode char U+0131 (decimal 305)
   defining Unicode char U+0132 (decimal 306)
   defining Unicode char U+0133 (decimal 307)
   defining Unicode char U+0139 (decimal 313)
   defining Unicode char U+013A (decimal 314)
   defining Unicode char U+013D (decimal 317)
   defining Unicode char U+013E (decimal 318)
   defining Unicode char U+0141 (decimal 321)
   defining Unicode char U+0142 (decimal 322)
   defining Unicode char U+0143 (decimal 323)
   defining Unicode char U+0144 (decimal 324)
   defining Unicode char U+0147 (decimal 327)
   defining Unicode char U+0148 (decimal 328)
   defining Unicode char U+014A (decimal 330)
   defining Unicode char U+014B (decimal 331)
   defining Unicode char U+0150 (decimal 336)
   defining Unicode char U+0151 (decimal 337)
   defining Unicode char U+0152 (decimal 338)
   defining Unicode char U+0153 (decimal 339)
   defining Unicode char U+0154 (decimal 340)
   defining Unicode char U+0155 (decimal 341)
   defining Unicode char U+0158 (decimal 344)
   defining Unicode char U+0159 (decimal 345)
   defining Unicode char U+015A (decimal 346)
   defining Unicode char U+015B (decimal 347)
   defining Unicode char U+015E (decimal 350)
   defining Unicode char U+015F (decimal 351)
   defining Unicode char U+0160 (decimal 352)
   defining Unicode char U+0161 (decimal 353)
   defining Unicode char U+0162 (decimal 354)
   defining Unicode char U+0163 (decimal 355)
   defining Unicode char U+0164 (decimal 356)
   defining Unicode char U+0165 (decimal 357)
   defining Unicode char U+016E (decimal 366)
   defining Unicode char U+016F (decimal 367)
   defining Unicode char U+0170 (decimal 368)
   defining Unicode char U+0171 (decimal 369)
   defining Unicode char U+0178 (decimal 376)
   defining Unicode char U+0179 (decimal 377)
   defining Unicode char U+017A (decimal 378)
   defining Unicode char U+017B (decimal 379)
   defining Unicode char U+017C (decimal 380)
   defining Unicode char U+017D (decimal 381)
   defining Unicode char U+017E (decimal 382)
   defining Unicode char U+200C (decimal 8204)
   defining Unicode char U+2013 (decimal 8211)
   defining Unicode char U+2014 (decimal 8212)
   defining Unicode char U+2018 (decimal 8216)
   defining Unicode char U+2019 (decimal 8217)
   defining Unicode char U+201A (decimal 8218)
   defining Unicode char U+201C (decimal 8220)
   defining Unicode char U+201D (decimal 8221)
   defining Unicode char U+201E (decimal 8222)
   defining Unicode char U+2030 (decimal 8240)
   defining Unicode char U+2031 (decimal 8241)
   defining Unicode char U+2039 (decimal 8249)
   defining Unicode char U+203A (decimal 8250)
   defining Unicode char U+2423 (decimal 9251)
)
Now handling font encoding OT1 ...
... processing UTF-8 mapping file for font encoding OT1

(/usr/local/texlive/2013/texmf-dist/tex/latex/base/ot1enc.dfu
File: ot1enc.dfu 2008/04/05 v1.1m UTF-8 support for inputenc
   defining Unicode char U+00A1 (decimal 161)
   defining Unicode char U+00A3 (decimal 163)
   defining Unicode char U+00B8 (decimal 184)
   defining Unicode char U+00BF (decimal 191)
   defining Unicode char U+00C5 (decimal 197)
   defining Unicode char U+00C6 (decimal 198)
   defining Unicode char U+00D8 (decimal 216)
   defining Unicode char U+00DF (decimal 223)
   defining Unicode char U+00E6 (decimal 230)
   defining Unicode char U+00EC (decimal 236)
   defining Unicode char U+00ED (decimal 237)
   defining Unicode char U+00EE (decimal 238)
   defining Unicode char U+00EF (decimal 239)
   defining Unicode char U+00F8 (decimal 248)
   defining Unicode char U+0131 (decimal 305)
   defining Unicode char U+0141 (decimal 321)
   defining Unicode char U+0142 (decimal 322)
   defining Unicode char U+0152 (decimal 338)
   defining Unicode char U+0153 (decimal 339)
   defining Unicode char U+2013 (decimal 8211)
   defining Unicode char U+2014 (decimal 8212)
   defining Unicode char U+2018 (decimal 8216)
   defining Unicode char U+2019 (decimal 8217)
   defining Unicode char U+201C (decimal 8220)
   defining Unicode char U+201D (decimal 8221)
)
Now handling font encoding OMS ...
... processing UTF-8 mapping file for font encoding OMS

(/usr/local/texlive/2013/texmf-dist/tex/latex/base/omsenc.dfu
File: omsenc.dfu 2008/04/05 v1.1m UTF-8 support for inputenc
   defining Unicode char U+00A7 (decimal 167)
   defining Unicode char U+00B6 (decimal 182)
   defining Unicode char U+00B7 (decimal 183)
   defining Unicode char U+2020 (decimal 8224)
   defining Unicode char U+2021 (decimal 8225)
   defining Unicode char U+2022 (decimal 8226)
)
Now handling font encoding OMX ...
... no UTF-8 mapping file for font encoding OMX
Now handling font encoding U ...
... no UTF-8 mapping file for font encoding U
   defining Unicode char U+00A9 (decimal 169)
   defining Unicode char U+00AA (decimal 170)
   defining Unicode char U+00AE (decimal 174)
   defining Unicode char U+00BA (decimal 186)
   defining Unicode char U+02C6 (decimal 710)
   defining Unicode char U+02DC (decimal 732)
   defining Unicode char U+200C (decimal 8204)
   defining Unicode char U+2026 (decimal 8230)
   defining Unicode char U+2122 (decimal 8482)
   defining Unicode char U+2423 (decimal 9251)
))
(/usr/local/texlive/2013/texmf-dist/tex/latex/amsfonts/amsfonts.sty
Package: amsfonts 2013/01/14 v3.01 Basic AMSFonts support
\symAMSa=\mathgroup4
\symAMSb=\mathgroup5
LaTeX Font Info:    Overwriting math alphabet `\mathfrak' in version `bold'
(Font)                  U/euf/m/n --> U/euf/b/n on input line 106.
)
(/usr/local/texlive/2013/texmf-dist/tex/latex/amsfonts/amssymb.sty
Package: amssymb 2013/01/14 v3.01 AMS font symbols
)
(/usr/local/texlive/2013/texmf-dist/tex/latex/amscls/amsthm.sty
Package: amsthm 2004/08/06 v2.20
\thm@style=\toks29
\thm@bodyfont=\toks30
\thm@headfont=\toks31
\thm@notefont=\toks32
\thm@headpunct=\toks33
\thm@preskip=\skip50
\thm@postskip=\skip51
\thm@headsep=\skip52
\dth@everypar=\toks34
)
(/usr/local/texlive/2013/texmf-dist/tex/latex/doublestroke/dsfont.sty
Package: dsfont 1995/08/01 v0.1 Double stroke roman fonts
)
(/usr/local/texlive/2013/texmf-dist/tex/latex/tools/tabularx.sty
Package: tabularx 1999/01/07 v2.07 `tabularx' package (DPC)

(/usr/local/texlive/2013/texmf-dist/tex/latex/tools/array.sty
Package: array 2008/09/09 v2.4c Tabular extension package (FMi)
\col@sep=\dimen156
\extrarowheight=\dimen157
\NC@list=\toks35
\extratabsurround=\skip53
\backup@length=\skip54
)
\TX@col@width=\dimen158
\TX@old@table=\dimen159
\TX@old@col=\dimen160
\TX@target=\dimen161
\TX@delta=\dimen162
\TX@cols=\count116
\TX@ftn=\toks36
)
(/usr/local/texlive/2013/texmf-dist/tex/latex/fancyhdr/fancyhdr.sty
\fancy@headwidth=\skip55
\f@ncyO@elh=\skip56
\f@ncyO@erh=\skip57
\f@ncyO@olh=\skip58
\f@ncyO@orh=\skip59
\f@ncyO@elf=\skip60
\f@ncyO@erf=\skip61
\f@ncyO@olf=\skip62
\f@ncyO@orf=\skip63
)
(/usr/local/texlive/2013/texmf-dist/tex/latex/graphics/graphicx.sty
Package: graphicx 1999/02/16 v1.0f Enhanced LaTeX Graphics (DPC,SPQR)

(/usr/local/texlive/2013/texmf-dist/tex/latex/graphics/graphics.sty
Package: graphics 2009/02/05 v1.0o Standard LaTeX Graphics (DPC,SPQR)

(/usr/local/texlive/2013/texmf-dist/tex/latex/graphics/trig.sty
Package: trig 1999/03/16 v1.09 sin cos tan (DPC)
)
(/usr/local/texlive/2013/texmf-dist/tex/latex/latexconfig/graphics.cfg
File: graphics.cfg 2010/04/23 v1.9 graphics configuration of TeX Live
)
Package graphics Info: Driver file: pdftex.def on input line 91.

(/usr/local/texlive/2013/texmf-dist/tex/latex/pdftex-def/pdftex.def
File: pdftex.def 2011/05/27 v0.06d Graphics/color for pdfTeX

(/usr/local/texlive/2013/texmf-dist/tex/generic/oberdiek/infwarerr.sty
Package: infwarerr 2010/04/08 v1.3 Providing info/warning/error messages (HO)
)
(/usr/local/texlive/2013/texmf-dist/tex/generic/oberdiek/ltxcmds.sty
Package: ltxcmds 2011/11/09 v1.22 LaTeX kernel commands for general use (HO)
)
\Gread@gobject=\count117
))
\Gin@req@height=\dimen163
\Gin@req@width=\dimen164
)
(/usr/local/texlive/2013/texmf-dist/tex/latex/subfigure/subfigure.sty
Package: subfigure 2002/03/15 v2.1.5 subfigure package
\subfigtopskip=\skip64
\subfigcapskip=\skip65
\subfigcaptopadj=\dimen165
\subfigbottomskip=\skip66
\subfigcapmargin=\dimen166
\subfiglabelskip=\skip67
\c@subfigure=\count118
\c@lofdepth=\count119
\c@subtable=\count120
\c@lotdepth=\count121

****************************************
* Local config file subfigure.cfg used *
****************************************
(/usr/local/texlive/2013/texmf-dist/tex/latex/subfigure/subfigure.cfg)
\subfig@top=\skip68
\subfig@bottom=\skip69
)
(/usr/local/texlive/2013/texmf-dist/tex/latex/graphics/lscape.sty
Package: lscape 2000/10/22 v3.01 Landscape Pages (DPC)
)
(/usr/local/texlive/2013/texmf-dist/tex/latex/geometry/geometry.sty
Package: geometry 2010/09/12 v5.6 Page Geometry

(/usr/local/texlive/2013/texmf-dist/tex/generic/oberdiek/ifvtex.sty
Package: ifvtex 2010/03/01 v1.5 Detect VTeX and its facilities (HO)
Package ifvtex Info: VTeX not detected.
)
(/usr/local/texlive/2013/texmf-dist/tex/generic/ifxetex/ifxetex.sty
Package: ifxetex 2010/09/12 v0.6 Provides ifxetex conditional
)
\Gm@cnth=\count122
\Gm@cntv=\count123
\c@Gm@tempcnt=\count124
\Gm@bindingoffset=\dimen167
\Gm@wd@mp=\dimen168
\Gm@odd@mp=\dimen169
\Gm@even@mp=\dimen170
\Gm@layoutwidth=\dimen171
\Gm@layoutheight=\dimen172
\Gm@layouthoffset=\dimen173
\Gm@layoutvoffset=\dimen174
\Gm@dimlist=\toks37
)
(/usr/local/texlive/2013/texmf-dist/tex/latex/wasysym/wasysym.sty
Package: wasysym 2003/10/30 v2.0 Wasy-2 symbol support package
\symwasy=\mathgroup6
LaTeX Font Info:    Overwriting symbol font `wasy' in version `bold'
(Font)                  U/wasy/m/n --> U/wasy/b/n on input line 90.
)
(/usr/local/texlive/2013/texmf-dist/tex/latex/cite/cite.sty
LaTeX Info: Redefining \cite on input line 302.
LaTeX Info: Redefining \nocite on input line 373.
Package: cite 2010/09/10  v 5.3
)
(/usr/local/texlive/2013/texmf-dist/tex/latex/egplot/egplot.sty
Package: egplot 1998/07/08 v1.02a Encapsulated gnuplot LaTeX Package (Axel Prob
st)

(/usr/local/texlive/2013/texmf-dist/tex/latex/tools/verbatim.sty
Package: verbatim 2003/08/22 v1.5q LaTeX2e package for verbatim enhancements
\every@verbatim=\toks38
\verbatim@line=\toks39
\verbatim@in@stream=\read2
)
(/usr/local/texlive/2013/texmf-dist/tex/latex/base/ifthen.sty
Package: ifthen 2001/05/26 v1.1c Standard LaTeX ifthen package (DPC)
)
\@outegp=\write4
\c@egpfilenum=\count125
\c@egpfig=\count126
\c@egpcalc=\count127
\egp@prelude=\toks40
\egp@figprelude=\toks41
\egp@figepilog=\toks42
)
(/usr/local/texlive/2013/texmf-dist/tex/latex/graphics/color.sty
Package: color 2005/11/14 v1.0j Standard LaTeX Color (DPC)

(/usr/local/texlive/2013/texmf-dist/tex/latex/latexconfig/color.cfg
File: color.cfg 2007/01/18 v1.5 color configuration of teTeX/TeXLive
)
Package color Info: Driver file: pdftex.def on input line 130.
)
(/usr/local/texlive/2013/texmf-dist/tex/latex/a4wide/a4wide.sty
Package: a4wide 1994/08/30

(/usr/local/texlive/2013/texmf-dist/tex/latex/ntgclass/a4.sty
Package: a4 2004/04/15 v1.2g A4 based page layout
))
(/usr/local/texlive/2013/texmf-dist/tex/latex/totpages/totpages.sty
Package: totpages 2005/09/19 v2.00 Totpages Package (muewi)

(/usr/local/texlive/2013/texmf-dist/tex/latex/ms/everyshi.sty
Package: everyshi 2001/05/15 v3.00 EveryShipout Package (MS)
))
(/usr/local/texlive/2013/texmf-dist/tex/latex/base/latexsym.sty
Package: latexsym 1998/08/17 v2.2e Standard LaTeX package (lasy symbols)
\symlasy=\mathgroup7
LaTeX Font Info:    Overwriting symbol font `lasy' in version `bold'
(Font)                  U/lasy/m/n --> U/lasy/b/n on input line 47.
)
(/usr/local/texlive/2013/texmf-dist/tex/latex/moreverb/moreverb.sty
Package: moreverb 2008/06/03 v2.3a `more' verbatim facilities
\tab@position=\count128
\tab@size=\count129
\listing@line=\count130
)
(/usr/local/texlive/2013/texmf-dist/tex/latex/gnuplottex/gnuplottex.sty
Package: gnuplottex 2013/04/14 v0.4.6 gnuplot graphs in LaTeX
\verbatim@out=\write5
runsystem(touch /tmp/w18-test-201573699.tex)...disabled (restricted).

runsystem(rm -f /tmp/w18-test-201573699.tex)...disabled (restricted).



Package gnuplottex Warning: Shell escape not enabled.
(gnuplottex)                You'll need to convert the graphs yourself..

\c@fignum=\count131
) (/usr/local/texlive/2013/texmf-dist/tex/latex/tools/enumerate.sty
Package: enumerate 1999/03/05 v3.00 enumerate extensions (DPC)
\@enLab=\toks43
)
(/usr/local/texlive/2013/texmf-dist/tex/latex/listings/listings.sty
\lst@mode=\count132
\lst@gtempboxa=\box32
\lst@token=\toks44
\lst@length=\count133
\lst@currlwidth=\dimen175
\lst@column=\count134
\lst@pos=\count135
\lst@lostspace=\dimen176
\lst@width=\dimen177
\lst@newlines=\count136
\lst@lineno=\count137
\lst@maxwidth=\dimen178

(/usr/local/texlive/2013/texmf-dist/tex/latex/listings/lstmisc.sty
File: lstmisc.sty 2007/02/22 1.4 (Carsten Heinz)
\c@lstnumber=\count138
\lst@skipnumbers=\count139
\lst@framebox=\box33
)
(/usr/local/texlive/2013/texmf-dist/tex/latex/listings/listings.cfg
File: listings.cfg 2007/02/22 1.4 listings configuration
))
Package: listings 2007/02/22 1.4 (Carsten Heinz)

(/usr/local/texlive/2013/texmf-dist/tex/latex/pst-circ/pst-circ.sty
(/usr/local/texlive/2013/texmf-dist/tex/latex/pstricks/pstricks.sty
Package: pstricks 2013/05/21 v0.56 LaTeX wrapper for `PSTricks' (RN,HV)

(/usr/local/texlive/2013/texmf-dist/tex/generic/pstricks/pstricks.tex
(/usr/local/texlive/2013/texmf-dist/tex/generic/xkeyval/pst-xkey.tex
File: pst-xkey.tex 2005/11/25 v1.6 PSTricks specialization of xkeyval (HA)

(/usr/local/texlive/2013/texmf-dist/tex/latex/xkeyval/xkeyval.sty
Package: xkeyval 2012/10/14 v2.6b package option processing (HA)

(/usr/local/texlive/2013/texmf-dist/tex/generic/xkeyval/xkeyval.tex
\XKV@toks=\toks45
\XKV@tempa@toks=\toks46
\XKV@depth=\count140
File: xkeyval.tex 2012/10/14 v2.6b key=value parser (HA)
)))
(/usr/local/texlive/2013/texmf-dist/tex/generic/pstricks/pst-fp.tex
`pst-fp' v0.05, 2010/01/17 (hv)
\pstFP@xs=\count141
\pstFP@xia=\count142
\pstFP@xib=\count143
\pstFP@xfa=\count144
\pstFP@xfb=\count145
\pstFP@rega=\count146
\pstFP@regb=\count147
\pstFP@regs=\count148
\pstFP@times=\count149
)
(/usr/local/texlive/2013/texmf-dist/tex/generic/pgf/utilities/pgfutil-common.te
x
\pgfutil@everybye=\toks47
)
(/usr/local/texlive/2013/texmf-dist/tex/generic/pgf/utilities/pgfkeys.code.tex
\pgfkeys@pathtoks=\toks48
\pgfkeys@temptoks=\toks49

(/usr/local/texlive/2013/texmf-dist/tex/generic/pgf/utilities/pgfkeysfiltered.c
ode.tex
\pgfkeys@tmptoks=\toks50
))
(/usr/local/texlive/2013/texmf-dist/tex/generic/pgf/utilities/pgffor.code.tex
\pgffor@iter=\dimen179
\pgffor@skip=\dimen180
\pgffor@stack=\toks51
\pgffor@toks=\toks52
)
\psLoopIndex=\count150

`PSTricks' v2.43  <2013/05/12> (tvz)
\pst@dima=\dimen181
\pst@dimb=\dimen182
\pst@dimc=\dimen183
\pst@dimd=\dimen184
\pst@dimg=\dimen185
\pst@dimh=\dimen186
\pst@dimm=\dimen187
\pst@dimn=\dimen188
\pst@dimo=\dimen189
\pst@dimp=\dimen190
\pst@hbox=\box34
\pst@ibox=\box35
\pst@boxg=\box36
\pst@cnta=\count151
\pst@cntb=\count152
\pst@cntc=\count153
\pst@cntd=\count154
\pst@cntg=\count155
\pst@cnth=\count156
\pst@cntm=\count157
\pst@cntn=\count158
\pst@cnto=\count159
\pst@cntp=\count160
\@zero=\count161
\pst@toks=\toks53
(/usr/local/texlive/2013/texmf-dist/tex/generic/pstricks/pstricks.con)
\psunit=\dimen191
\psxunit=\dimen192
\psyunit=\dimen193
\pst@C@@rType=\count162
\pslinewidth=\dimen194
\psk@startLW=\dimen195
\psk@endLW=\dimen196
\pst@customdefs=\toks54
\pslinearc=\dimen197
\pst@symbolStep=\dimen198
\pst@symbolWidth=\dimen199
\pst@symbolLinewidth=\dimen200
\everypsbox=\toks55
\psframesep=\dimen201
\pslabelsep=\dimen202
\sh@wgridXunit=\dimen203
\sh@wgridYunit=\dimen204
\pst@shift=\dimen205
\theoverlaybox=\box37
)
File: pstricks.tex 2013/05/12 v2.43 `PSTricks' (tvz,hv)

(/usr/local/texlive/2013/texmf-dist/tex/generic/pstricks/pst-fp.tex)
File: pst-fp.tex 2013/05/12 v2.43 `PST-fp' (hv)

(/usr/local/texlive/2013/texmf-dist/tex/latex/xcolor/xcolor.sty
Package: xcolor 2007/01/21 v2.11 LaTeX color extensions (UK)

(/usr/local/texlive/2013/texmf-dist/tex/latex/latexconfig/color.cfg
File: color.cfg 2007/01/18 v1.5 color configuration of teTeX/TeXLive
)
Package xcolor Info: Driver file: pdftex.def on input line 225.
LaTeX Info: Redefining \color on input line 702.
Package xcolor Info: Model `cmy' substituted by `cmy0' on input line 1337.
Package xcolor Info: Model `hsb' substituted by `rgb' on input line 1341.
Package xcolor Info: Model `RGB' extended on input line 1353.
Package xcolor Info: Model `HTML' substituted by `rgb' on input line 1355.
Package xcolor Info: Model `Hsb' substituted by `hsb' on input line 1356.
Package xcolor Info: Model `tHsb' substituted by `hsb' on input line 1357.
Package xcolor Info: Model `HSB' substituted by `hsb' on input line 1358.
Package xcolor Info: Model `Gray' substituted by `gray' on input line 1359.
Package xcolor Info: Model `wave' substituted by `hsb' on input line 1360.
))
Package: pst-circ 2007/12/23 package wrapper for pst-circ.tex (hv)

(/usr/local/texlive/2013/texmf-dist/tex/generic/pst-circ/pst-circ.tex
(/usr/local/texlive/2013/texmf-dist/tex/generic/pst-node/pst-node.tex
 v1.27, 2013/04/12
\psrow=\count163
\pscol=\count164
\psmatrixcnt=\count165
\psrowsep=\skip70
\pscolsep=\skip71
\pst@args=\count166
\num@pts=\count167
\pst@argcnt=\count168
)
(/usr/local/texlive/2013/texmf-dist/tex/generic/multido/multido.tex
 v1.42, 2010/05/14 <tvz>
\multido@count=\count169
\multidocount=\count170
\multido@stuff=\toks56
) `pst-circ' v2.03(hv)
\Pst@position=\dimen206
\pst@count@i=\count171
\pst@count@ii=\count172
\pst@count@iii=\count173
\Pst@basesep=\dimen207
)
File: pst-circ.tex 2013/05/15 v2.03 `PST-circ' (CJ,hv)
)
(/usr/local/texlive/2013/texmf-dist/tex/latex/mhchem/mhchem.sty
Package: mhchem 2011/06/03 v3.11 for typesetting chemical formulae

(/usr/local/texlive/2013/texmf-dist/tex/latex/oberdiek/twoopt.sty
Package: twoopt 2008/08/11 v1.5 Definitions with two optional arguments (HO)
)
\tok@mhchem@ce@iii=\toks57
\mhchem@arrowminlength=\skip72
\mhchem@arrows@box=\box38
\mhchem@arrowlength@pgf=\skip73
\mhchem@arrowminlength@pgf=\skip74
\mhchem@bondwidth=\skip75
\mhchem@bondheight=\skip76
\mhchem@smallbondwidth@tmpA=\skip77
\mhchem@smallbondwidth@tmpB=\skip78
\mhchem@smallbondwidth=\skip79
\mhchem@cf@result=\toks58
\mhchem@cf@element=\toks59
\mhchem@cf@amount=\toks60
\mhchem@cf@sup=\toks61
\mhchem@cf@presub=\toks62
\mhchem@cf@presup=\toks63
\mhchem@cf@replaceMath@result=\toks64
\mhchem@cf@replaceMathMinusDot@result=\toks65
\mhchem@prepostscript@tmp@i=\skip80
\mhchem@prepostscript@tmp@ii=\skip81
\mhchem@mathbox@tmp@i=\skip82
\mhchem@mathbox@tmp@ii=\skip83
\mhchem@minispace@tmp=\skip84
\mhchem@option@minussidebearingleft=\skip85
\mhchem@option@minussidebearingright=\skip86


Package mhchem Warning: You did not specify a 'version' option for the mhchem
(mhchem)                package. If you are about to create a new document,
(mhchem)                please write \usepackage[version=3]{mhchem} in your pre
amble in
(mhchem)                order to use the most recent version of mhchem.

) (/usr/local/texlive/2013/texmf-dist/tex/latex/lipsum/lipsum.sty
Package: lipsum 2011/04/14 v1.2 150 paragraphs of Lorem Ipsum dummy text
\c@lips@count=\count174
)
(/usr/local/texlive/2013/texmf-dist/tex/latex/base/makeidx.sty
Package: makeidx 2000/03/29 v1.0m Standard LaTeX package
)
(/usr/local/texlive/2013/texmf-dist/tex/latex/pgf/frontendlayer/tikz.sty
(/usr/local/texlive/2013/texmf-dist/tex/latex/pgf/basiclayer/pgf.sty
(/usr/local/texlive/2013/texmf-dist/tex/latex/pgf/utilities/pgfrcs.sty
(/usr/local/texlive/2013/texmf-dist/tex/generic/pgf/utilities/pgfutil-common.te
x
\pgfutil@everybye=\toks66
)
(/usr/local/texlive/2013/texmf-dist/tex/generic/pgf/utilities/pgfutil-latex.def
\pgfutil@abb=\box39
) (/usr/local/texlive/2013/texmf-dist/tex/generic/pgf/utilities/pgfrcs.code.tex
Package: pgfrcs 2010/10/25 v2.10 (rcs-revision 1.24)
))
Package: pgf 2008/01/15 v2.10 (rcs-revision 1.12)
 (/usr/local/texlive/2013/texmf-dist/tex/latex/pgf/basiclayer/pgfcore.sty
(/usr/local/texlive/2013/texmf-dist/tex/latex/pgf/systemlayer/pgfsys.sty
(/usr/local/texlive/2013/texmf-dist/tex/generic/pgf/systemlayer/pgfsys.code.tex
Package: pgfsys 2010/06/30 v2.10 (rcs-revision 1.37)
(/usr/local/texlive/2013/texmf-dist/tex/generic/pgf/utilities/pgfkeys.code.tex)
\pgf@x=\dimen208
\pgf@y=\dimen209
\pgf@xa=\dimen210
\pgf@ya=\dimen211
\pgf@xb=\dimen212
\pgf@yb=\dimen213
\pgf@xc=\dimen214
\pgf@yc=\dimen215
\w@pgf@writea=\write6
\r@pgf@reada=\read3
\c@pgf@counta=\count175
\c@pgf@countb=\count176
\c@pgf@countc=\count177
\c@pgf@countd=\count178
(/usr/local/texlive/2013/texmf-dist/tex/generic/pgf/systemlayer/pgf.cfg
File: pgf.cfg 2008/05/14  (rcs-revision 1.7)
)
Package pgfsys Info: Driver file for pgf: pgfsys-pdftex.def on input line 900.

(/usr/local/texlive/2013/texmf-dist/tex/generic/pgf/systemlayer/pgfsys-pdftex.d
ef
File: pgfsys-pdftex.def 2009/05/22  (rcs-revision 1.26)

(/usr/local/texlive/2013/texmf-dist/tex/generic/pgf/systemlayer/pgfsys-common-p
df.def
File: pgfsys-common-pdf.def 2008/05/19  (rcs-revision 1.10)
)))
(/usr/local/texlive/2013/texmf-dist/tex/generic/pgf/systemlayer/pgfsyssoftpath.
code.tex
File: pgfsyssoftpath.code.tex 2008/07/18  (rcs-revision 1.7)
\pgfsyssoftpath@smallbuffer@items=\count179
\pgfsyssoftpath@bigbuffer@items=\count180
)
(/usr/local/texlive/2013/texmf-dist/tex/generic/pgf/systemlayer/pgfsysprotocol.
code.tex
File: pgfsysprotocol.code.tex 2006/10/16  (rcs-revision 1.4)
))
(/usr/local/texlive/2013/texmf-dist/tex/generic/pgf/basiclayer/pgfcore.code.tex
Package: pgfcore 2010/04/11 v2.10 (rcs-revision 1.7)
(/usr/local/texlive/2013/texmf-dist/tex/generic/pgf/math/pgfmath.code.tex
(/usr/local/texlive/2013/texmf-dist/tex/generic/pgf/math/pgfmathcalc.code.tex
(/usr/local/texlive/2013/texmf-dist/tex/generic/pgf/math/pgfmathutil.code.tex)
(/usr/local/texlive/2013/texmf-dist/tex/generic/pgf/math/pgfmathparser.code.tex
\pgfmath@dimen=\dimen216
\pgfmath@count=\count181
\pgfmath@box=\box40
\pgfmath@toks=\toks67
\pgfmath@stack@operand=\toks68
\pgfmath@stack@operation=\toks69
)
(/usr/local/texlive/2013/texmf-dist/tex/generic/pgf/math/pgfmathfunctions.code.
tex
(/usr/local/texlive/2013/texmf-dist/tex/generic/pgf/math/pgfmathfunctions.basic
.code.tex)
(/usr/local/texlive/2013/texmf-dist/tex/generic/pgf/math/pgfmathfunctions.trigo
nometric.code.tex)
(/usr/local/texlive/2013/texmf-dist/tex/generic/pgf/math/pgfmathfunctions.rando
m.code.tex)
(/usr/local/texlive/2013/texmf-dist/tex/generic/pgf/math/pgfmathfunctions.compa
rison.code.tex)
(/usr/local/texlive/2013/texmf-dist/tex/generic/pgf/math/pgfmathfunctions.base.
code.tex)
(/usr/local/texlive/2013/texmf-dist/tex/generic/pgf/math/pgfmathfunctions.round
.code.tex)
(/usr/local/texlive/2013/texmf-dist/tex/generic/pgf/math/pgfmathfunctions.misc.
code.tex)))
(/usr/local/texlive/2013/texmf-dist/tex/generic/pgf/math/pgfmathfloat.code.tex
\c@pgfmathroundto@lastzeros=\count182
))
(/usr/local/texlive/2013/texmf-dist/tex/generic/pgf/basiclayer/pgfcorepoints.co
de.tex
File: pgfcorepoints.code.tex 2010/04/09  (rcs-revision 1.20)
\pgf@picminx=\dimen217
\pgf@picmaxx=\dimen218
\pgf@picminy=\dimen219
\pgf@picmaxy=\dimen220
\pgf@pathminx=\dimen221
\pgf@pathmaxx=\dimen222
\pgf@pathminy=\dimen223
\pgf@pathmaxy=\dimen224
\pgf@xx=\dimen225
\pgf@xy=\dimen226
\pgf@yx=\dimen227
\pgf@yy=\dimen228
\pgf@zx=\dimen229
\pgf@zy=\dimen230
)
(/usr/local/texlive/2013/texmf-dist/tex/generic/pgf/basiclayer/pgfcorepathconst
ruct.code.tex
File: pgfcorepathconstruct.code.tex 2010/08/03  (rcs-revision 1.24)
\pgf@path@lastx=\dimen231
\pgf@path@lasty=\dimen232
)
(/usr/local/texlive/2013/texmf-dist/tex/generic/pgf/basiclayer/pgfcorepathusage
.code.tex
File: pgfcorepathusage.code.tex 2008/04/22  (rcs-revision 1.12)
\pgf@shorten@end@additional=\dimen233
Normal \dimen register pool exhausted, switching to extended pool.
\pgf@shorten@start@additional=\dimen256
)
(/usr/local/texlive/2013/texmf-dist/tex/generic/pgf/basiclayer/pgfcorescopes.co
de.tex
File: pgfcorescopes.code.tex 2010/09/08  (rcs-revision 1.34)
\pgfpic=\box41
\pgf@hbox=\box42
\pgf@layerbox@main=\box43
\pgf@picture@serial@count=\count183
)
(/usr/local/texlive/2013/texmf-dist/tex/generic/pgf/basiclayer/pgfcoregraphicst
ate.code.tex
File: pgfcoregraphicstate.code.tex 2008/04/22  (rcs-revision 1.9)
\pgflinewidth=\dimen257
)
(/usr/local/texlive/2013/texmf-dist/tex/generic/pgf/basiclayer/pgfcoretransform
ations.code.tex
File: pgfcoretransformations.code.tex 2009/06/10  (rcs-revision 1.11)
\pgf@pt@x=\dimen258
\pgf@pt@y=\dimen259
\pgf@pt@temp=\dimen260
)
(/usr/local/texlive/2013/texmf-dist/tex/generic/pgf/basiclayer/pgfcorequick.cod
e.tex
File: pgfcorequick.code.tex 2008/10/09  (rcs-revision 1.3)
)
(/usr/local/texlive/2013/texmf-dist/tex/generic/pgf/basiclayer/pgfcoreobjects.c
ode.tex
File: pgfcoreobjects.code.tex 2006/10/11  (rcs-revision 1.2)
)
(/usr/local/texlive/2013/texmf-dist/tex/generic/pgf/basiclayer/pgfcorepathproce
ssing.code.tex
File: pgfcorepathprocessing.code.tex 2008/10/09  (rcs-revision 1.8)
)
(/usr/local/texlive/2013/texmf-dist/tex/generic/pgf/basiclayer/pgfcorearrows.co
de.tex
File: pgfcorearrows.code.tex 2008/04/23  (rcs-revision 1.11)
)
(/usr/local/texlive/2013/texmf-dist/tex/generic/pgf/basiclayer/pgfcoreshade.cod
e.tex
File: pgfcoreshade.code.tex 2008/11/23  (rcs-revision 1.13)
\pgf@max=\dimen261
\pgf@sys@shading@range@num=\count184
)
(/usr/local/texlive/2013/texmf-dist/tex/generic/pgf/basiclayer/pgfcoreimage.cod
e.tex
File: pgfcoreimage.code.tex 2010/03/25  (rcs-revision 1.16)

(/usr/local/texlive/2013/texmf-dist/tex/generic/pgf/basiclayer/pgfcoreexternal.
code.tex
File: pgfcoreexternal.code.tex 2010/09/01  (rcs-revision 1.17)
\pgfexternal@startupbox=\box44
))
(/usr/local/texlive/2013/texmf-dist/tex/generic/pgf/basiclayer/pgfcorelayers.co
de.tex
File: pgfcorelayers.code.tex 2010/08/27  (rcs-revision 1.2)
)
(/usr/local/texlive/2013/texmf-dist/tex/generic/pgf/basiclayer/pgfcoretranspare
ncy.code.tex
File: pgfcoretransparency.code.tex 2008/01/17  (rcs-revision 1.2)
)
(/usr/local/texlive/2013/texmf-dist/tex/generic/pgf/basiclayer/pgfcorepatterns.
code.tex
File: pgfcorepatterns.code.tex 2009/07/02  (rcs-revision 1.3)
)))
(/usr/local/texlive/2013/texmf-dist/tex/generic/pgf/modules/pgfmoduleshapes.cod
e.tex
File: pgfmoduleshapes.code.tex 2010/09/09  (rcs-revision 1.13)
\pgfnodeparttextbox=\box45
)
(/usr/local/texlive/2013/texmf-dist/tex/generic/pgf/modules/pgfmoduleplot.code.
tex
File: pgfmoduleplot.code.tex 2010/10/22  (rcs-revision 1.8)
)
(/usr/local/texlive/2013/texmf-dist/tex/latex/pgf/compatibility/pgfcomp-version
-0-65.sty
Package: pgfcomp-version-0-65 2007/07/03 v2.10 (rcs-revision 1.7)
\pgf@nodesepstart=\dimen262
\pgf@nodesepend=\dimen263
)
(/usr/local/texlive/2013/texmf-dist/tex/latex/pgf/compatibility/pgfcomp-version
-1-18.sty
Package: pgfcomp-version-1-18 2007/07/23 v2.10 (rcs-revision 1.1)
))
(/usr/local/texlive/2013/texmf-dist/tex/latex/pgf/utilities/pgffor.sty
(/usr/local/texlive/2013/texmf-dist/tex/latex/pgf/utilities/pgfkeys.sty
(/usr/local/texlive/2013/texmf-dist/tex/generic/pgf/utilities/pgfkeys.code.tex)
) (/usr/local/texlive/2013/texmf-dist/tex/generic/pgf/utilities/pgffor.code.tex
Package: pgffor 2010/03/23 v2.10 (rcs-revision 1.18)
\pgffor@iter=\dimen264
\pgffor@skip=\dimen265
\pgffor@stack=\toks70
\pgffor@toks=\toks71
))
(/usr/local/texlive/2013/texmf-dist/tex/generic/pgf/frontendlayer/tikz/tikz.cod
e.tex
Package: tikz 2010/10/13 v2.10 (rcs-revision 1.76)

(/usr/local/texlive/2013/texmf-dist/tex/generic/pgf/libraries/pgflibraryplothan
dlers.code.tex
File: pgflibraryplothandlers.code.tex 2010/05/31 v2.10 (rcs-revision 1.15)
\pgf@plot@mark@count=\count185
\pgfplotmarksize=\dimen266
)
\tikz@lastx=\dimen267
\tikz@lasty=\dimen268
\tikz@lastxsaved=\dimen269
\tikz@lastysaved=\dimen270
\tikzleveldistance=\dimen271
\tikzsiblingdistance=\dimen272
\tikz@figbox=\box46
\tikz@tempbox=\box47
\tikztreelevel=\count186
\tikznumberofchildren=\count187
\tikznumberofcurrentchild=\count188
\tikz@fig@count=\count189

(/usr/local/texlive/2013/texmf-dist/tex/generic/pgf/modules/pgfmodulematrix.cod
e.tex
File: pgfmodulematrix.code.tex 2010/08/24  (rcs-revision 1.4)
\pgfmatrixcurrentrow=\count190
\pgfmatrixcurrentcolumn=\count191
\pgf@matrix@numberofcolumns=\count192
)
\tikz@expandcount=\count193

(/usr/local/texlive/2013/texmf-dist/tex/generic/pgf/frontendlayer/tikz/librarie
s/tikzlibrarytopaths.code.tex
File: tikzlibrarytopaths.code.tex 2008/06/17 v2.10 (rcs-revision 1.2)
)))
(/usr/local/texlive/2013/texmf-dist/tex/generic/pgf/frontendlayer/tikz/librarie
s/tikzlibraryshapes.code.tex
File: tikzlibraryshapes.code.tex 2008/01/09 v2.10 (rcs-revision 1.1)

(/usr/local/texlive/2013/texmf-dist/tex/generic/pgf/frontendlayer/tikz/librarie
s/tikzlibraryshapes.geometric.code.tex
File: tikzlibraryshapes.geometric.code.tex 2008/01/09 v2.10 (rcs-revision 1.1)

(/usr/local/texlive/2013/texmf-dist/tex/generic/pgf/libraries/shapes/pgflibrary
shapes.geometric.code.tex
File: pgflibraryshapes.geometric.code.tex 2008/06/26 v2.10 (rcs-revision 1.1)
))
(/usr/local/texlive/2013/texmf-dist/tex/generic/pgf/frontendlayer/tikz/librarie
s/tikzlibraryshapes.misc.code.tex
File: tikzlibraryshapes.misc.code.tex 2008/01/09 v2.10 (rcs-revision 1.1)

(/usr/local/texlive/2013/texmf-dist/tex/generic/pgf/libraries/shapes/pgflibrary
shapes.misc.code.tex
File: pgflibraryshapes.misc.code.tex 2008/10/07 v2.10 (rcs-revision 1.3)
))
(/usr/local/texlive/2013/texmf-dist/tex/generic/pgf/frontendlayer/tikz/librarie
s/tikzlibraryshapes.symbols.code.tex
File: tikzlibraryshapes.symbols.code.tex 2008/01/09 v2.10 (rcs-revision 1.1)

(/usr/local/texlive/2013/texmf-dist/tex/generic/pgf/libraries/shapes/pgflibrary
shapes.symbols.code.tex
File: pgflibraryshapes.symbols.code.tex 2009/10/27 v2.10 (rcs-revision 1.3)
))
(/usr/local/texlive/2013/texmf-dist/tex/generic/pgf/frontendlayer/tikz/librarie
s/tikzlibraryshapes.arrows.code.tex
File: tikzlibraryshapes.arrows.code.tex 2008/01/09 v2.10 (rcs-revision 1.1)

(/usr/local/texlive/2013/texmf-dist/tex/generic/pgf/libraries/shapes/pgflibrary
shapes.arrows.code.tex
File: pgflibraryshapes.arrows.code.tex 2008/06/26 v2.10 (rcs-revision 1.1)
))
(/usr/local/texlive/2013/texmf-dist/tex/generic/pgf/frontendlayer/tikz/librarie
s/tikzlibraryshapes.callouts.code.tex
(/usr/local/texlive/2013/texmf-dist/tex/generic/pgf/libraries/shapes/pgflibrary
shapes.callouts.code.tex))
(/usr/local/texlive/2013/texmf-dist/tex/generic/pgf/frontendlayer/tikz/librarie
s/tikzlibraryshapes.multipart.code.tex
File: tikzlibraryshapes.multipart.code.tex 2008/01/09 v2.10 (rcs-revision 1.1)

(/usr/local/texlive/2013/texmf-dist/tex/generic/pgf/libraries/shapes/pgflibrary
shapes.multipart.code.tex
File: pgflibraryshapes.multipart.code.tex 2010/01/07 v2.10 (rcs-revision 1.2)
\pgfnodepartlowerbox=\box48
\pgfnodeparttwobox=\box49
\pgfnodepartthreebox=\box50
\pgfnodepartfourbox=\box51
\pgfnodeparttwentybox=\box52
\pgfnodepartnineteenbox=\box53
\pgfnodeparteighteenbox=\box54
\pgfnodepartseventeenbox=\box55
\pgfnodepartsixteenbox=\box56
\pgfnodepartfifteenbox=\box57
\pgfnodepartfourteenbox=\box58
\pgfnodepartthirteenbox=\box59
\pgfnodeparttwelvebox=\box60
\pgfnodepartelevenbox=\box61
\pgfnodeparttenbox=\box62
\pgfnodepartninebox=\box63
\pgfnodeparteightbox=\box64
\pgfnodepartsevenbox=\box65
\pgfnodepartsixbox=\box66
\pgfnodepartfivebox=\box67
)))
(/usr/local/texlive/2013/texmf-dist/tex/generic/pgf/frontendlayer/tikz/librarie
s/tikzlibraryarrows.code.tex
File: tikzlibraryarrows.code.tex 2008/01/09 v2.10 (rcs-revision 1.1)

(/usr/local/texlive/2013/texmf-dist/tex/generic/pgf/libraries/pgflibraryarrows.
code.tex
File: pgflibraryarrows.code.tex 2008/10/27 v2.10 (rcs-revision 1.9)
\arrowsize=\dimen273
))
(/usr/local/texlive/2013/texmf-dist/tex/generic/pgf/frontendlayer/tikz/librarie
s/tikzlibraryautomata.code.tex
File: tikzlibraryautomata.code.tex 2008/07/14 v2.10 (rcs-revision 1.3)
)
(/usr/local/texlive/2013/texmf-dist/tex/generic/pgf/frontendlayer/tikz/librarie
s/tikzlibrarypositioning.code.tex
File: tikzlibrarypositioning.code.tex 2008/10/06 v2.10 (rcs-revision 1.7)
)
(/usr/local/texlive/2013/texmf-dist/tex/latex/tools/longtable.sty
Package: longtable 2004/02/01 v4.11 Multi-page Table package (DPC)
\LTleft=\skip87
\LTright=\skip88
\LTpre=\skip89
\LTpost=\skip90
\LTchunksize=\count194
\LTcapwidth=\dimen274
\LT@head=\box68
\LT@firsthead=\box69
\LT@foot=\box70
\LT@lastfoot=\box71
\LT@cols=\count195
\LT@rows=\count196
\c@LT@tables=\count197
\c@LT@chunks=\count198
\LT@p@ftn=\toks72
)
(/usr/local/texlive/2013/texmf-dist/tex/latex/multirow/multirow.sty
\bigstrutjot=\dimen275
)
(/usr/local/texlive/2013/texmf-dist/tex/latex/caption/caption.sty
Package: caption 2013/05/02 v3.3-89 Customizing captions (AR)

(/usr/local/texlive/2013/texmf-dist/tex/latex/caption/caption3.sty
Package: caption3 2013/05/02 v1.6-88 caption3 kernel (AR)
Package caption3 Info: TeX engine: e-TeX on input line 57.
\captionmargin=\dimen276
\captionmargin@=\dimen277
\captionwidth=\dimen278
\caption@tempdima=\dimen279
\caption@indent=\dimen280
\caption@parindent=\dimen281
\caption@hangindent=\dimen282
)
\c@ContinuedFloat=\count199
Package caption Info: listings package is loaded.
Package caption Info: longtable package is loaded.

(/usr/local/texlive/2013/texmf-dist/tex/latex/caption/ltcaption.sty
Package: ltcaption 2013/02/03 v1.3-62 longtable captions (AR)
)
Package caption Info: subfigure package is loaded.
)
(/usr/local/texlive/2013/texmf-dist/tex/latex/carlisle/remreset.sty)
(/usr/local/texlive/2013/texmf-dist/tex/latex/hyperref/hyperref.sty
Package: hyperref 2012/11/06 v6.83m Hypertext links for LaTeX

(/usr/local/texlive/2013/texmf-dist/tex/generic/oberdiek/hobsub-hyperref.sty
Package: hobsub-hyperref 2012/05/28 v1.13 Bundle oberdiek, subset hyperref (HO)


(/usr/local/texlive/2013/texmf-dist/tex/generic/oberdiek/hobsub-generic.sty
Package: hobsub-generic 2012/05/28 v1.13 Bundle oberdiek, subset generic (HO)
Package: hobsub 2012/05/28 v1.13 Construct package bundles (HO)
Package hobsub Info: Skipping package `infwarerr' (already loaded).
Package hobsub Info: Skipping package `ltxcmds' (already loaded).
Package: ifluatex 2010/03/01 v1.3 Provides the ifluatex switch (HO)
Package ifluatex Info: LuaTeX not detected.
Package hobsub Info: Skipping package `ifvtex' (already loaded).
Package: intcalc 2007/09/27 v1.1 Expandable calculations with integers (HO)
Package hobsub Info: Skipping package `ifpdf' (already loaded).
Package: etexcmds 2011/02/16 v1.5 Avoid name clashes with e-TeX commands (HO)
Package etexcmds Info: Could not find \expanded.
(etexcmds)             That can mean that you are not using pdfTeX 1.50 or
(etexcmds)             that some package has redefined \expanded.
(etexcmds)             In the latter case, load this package earlier.
Package: kvsetkeys 2012/04/25 v1.16 Key value parser (HO)
Package: kvdefinekeys 2011/04/07 v1.3 Define keys (HO)
Package: pdftexcmds 2011/11/29 v0.20 Utility functions of pdfTeX for LuaTeX (HO
)
Package pdftexcmds Info: LuaTeX not detected.
Package pdftexcmds Info: \pdf@primitive is available.
Package pdftexcmds Info: \pdf@ifprimitive is available.
Package pdftexcmds Info: \pdfdraftmode found.
Package: pdfescape 2011/11/25 v1.13 Implements pdfTeX's escape features (HO)
Package: bigintcalc 2012/04/08 v1.3 Expandable calculations on big integers (HO
)
Package: bitset 2011/01/30 v1.1 Handle bit-vector datatype (HO)
Package: uniquecounter 2011/01/30 v1.2 Provide unlimited unique counter (HO)
)
Package hobsub Info: Skipping package `hobsub' (already loaded).
Package: letltxmacro 2010/09/02 v1.4 Let assignment for LaTeX macros (HO)
Package: hopatch 2012/05/28 v1.2 Wrapper for package hooks (HO)
Package: xcolor-patch 2011/01/30 xcolor patch
Package: atveryend 2011/06/30 v1.8 Hooks at the very end of document (HO)
Package atveryend Info: \enddocument detected (standard20110627).
Package: atbegshi 2011/10/05 v1.16 At begin shipout hook (HO)
Package: refcount 2011/10/16 v3.4 Data extraction from label references (HO)
Package: hycolor 2011/01/30 v1.7 Color options for hyperref/bookmark (HO)
)
(/usr/local/texlive/2013/texmf-dist/tex/latex/oberdiek/auxhook.sty
Package: auxhook 2011/03/04 v1.3 Hooks for auxiliary files (HO)
)
(/usr/local/texlive/2013/texmf-dist/tex/latex/oberdiek/kvoptions.sty
Package: kvoptions 2011/06/30 v3.11 Key value format for package options (HO)
)
\@linkdim=\dimen283
\Hy@linkcounter=\count200
\Hy@pagecounter=\count201

(/usr/local/texlive/2013/texmf-dist/tex/latex/hyperref/pd1enc.def
File: pd1enc.def 2012/11/06 v6.83m Hyperref: PDFDocEncoding definition (HO)
Now handling font encoding PD1 ...
... no UTF-8 mapping file for font encoding PD1
)
\Hy@SavedSpaceFactor=\count202

(/usr/local/texlive/2013/texmf-dist/tex/latex/latexconfig/hyperref.cfg
File: hyperref.cfg 2002/06/06 v1.2 hyperref configuration of TeXLive
)
Package hyperref Info: Option `colorlinks' set `true' on input line 4319.
Package hyperref Info: Hyper figures OFF on input line 4443.
Package hyperref Info: Link nesting OFF on input line 4448.
Package hyperref Info: Hyper index ON on input line 4451.
Package hyperref Info: Plain pages OFF on input line 4458.
Package hyperref Info: Backreferencing OFF on input line 4463.
Package hyperref Info: Implicit mode ON; LaTeX internals redefined.
Package hyperref Info: Bookmarks ON on input line 4688.
\c@Hy@tempcnt=\count203

(/usr/local/texlive/2013/texmf-dist/tex/latex/url/url.sty
\Urlmuskip=\muskip11
Package: url 2006/04/12  ver 3.3  Verb mode for urls, etc.
)
LaTeX Info: Redefining \url on input line 5041.
\XeTeXLinkMargin=\dimen284
\Fld@menulength=\count204
\Field@Width=\dimen285
\Fld@charsize=\dimen286
Package hyperref Info: Hyper figures OFF on input line 6295.
Package hyperref Info: Link nesting OFF on input line 6300.
Package hyperref Info: Hyper index ON on input line 6303.
Package hyperref Info: backreferencing OFF on input line 6310.
Package hyperref Info: Link coloring ON on input line 6313.
Package hyperref Info: Link coloring with OCG OFF on input line 6320.
Package hyperref Info: PDF/A mode OFF on input line 6325.
LaTeX Info: Redefining \ref on input line 6365.
LaTeX Info: Redefining \pageref on input line 6369.
\Hy@abspage=\count205
\c@Item=\count206
\c@Hfootnote=\count207
)

Package hyperref Message: Driver (autodetected): hpdftex.

(/usr/local/texlive/2013/texmf-dist/tex/latex/hyperref/hpdftex.def
File: hpdftex.def 2012/11/06 v6.83m Hyperref driver for pdfTeX
\Fld@listcount=\count208
\c@bookmark@seq@number=\count209

(/usr/local/texlive/2013/texmf-dist/tex/latex/oberdiek/rerunfilecheck.sty
Package: rerunfilecheck 2011/04/15 v1.7 Rerun checks for auxiliary files (HO)
Package uniquecounter Info: New unique counter `rerunfilecheck' on input line 2
82.
)
\Hy@SectionHShift=\skip91
)
(/usr/local/texlive/2013/texmf-dist/tex/latex/psnfss/mathpazo.sty
Package: mathpazo 2005/04/12 PSNFSS-v9.2a Palatino w/ Pazo Math (D.Puga, WaS) 
\symupright=\mathgroup8
)
(/usr/local/texlive/2013/texmf-dist/tex/latex/base/fontenc.sty
Package: fontenc 2005/09/27 v1.99g Standard LaTeX package

(/usr/local/texlive/2013/texmf-dist/tex/latex/base/t1enc.def
File: t1enc.def 2005/09/27 v1.99g Standard LaTeX file
LaTeX Font Info:    Redeclaring font encoding T1 on input line 43.
))
(/usr/local/texlive/2013/texmf-dist/tex/latex/tools/bm.sty
Package: bm 2004/02/26 v1.1c Bold Symbol Support (DPC/FMi)
\symboldoperators=\mathgroup9
\symboldletters=\mathgroup10
\symboldsymbols=\mathgroup11
\symboldwasy=\mathgroup12
LaTeX Font Info:    Redeclaring math alphabet \mathbf on input line 138.
LaTeX Info: Redefining \bm on input line 204.
)
(/usr/local/texlive/2013/texmf-dist/tex/generic/ulem/ulem.sty
\UL@box=\box72
\UL@hyphenbox=\box73
\UL@skip=\skip92
\UL@hook=\toks73
\UL@height=\dimen287
\UL@pe=\count210
\UL@pixel=\dimen288
\ULC@box=\box74
Package: ulem 2012/05/18
\ULdepth=\dimen289
)
(/usr/local/texlive/2013/texmf-dist/tex/latex/titlesec/titlesec.sty
Package: titlesec 2011/12/15 v2.10.0 Sectioning titles
\ttl@box=\box75
\beforetitleunit=\skip93
\aftertitleunit=\skip94
\ttl@plus=\dimen290
\ttl@minus=\dimen291
\ttl@toksa=\toks74
\titlewidth=\dimen292
\titlewidthlast=\dimen293
\titlewidthfirst=\dimen294
)
(/usr/local/texlive/2013/texmf-dist/tex/latex/blindtext/blindtext.sty
Package: blindtext 2012/01/06 V2.0 blindtext-Package

(/usr/local/texlive/2013/texmf-dist/tex/latex/tools/xspace.sty
Package: xspace 2009/10/20 v1.13 Space after command names (DPC,MH)
)
\c@blindtext=\count211
\c@Blindtext=\count212
\c@blind@countparstart=\count213
\blind@countxx=\count214
\blindtext@numBlindtext=\count215
\blind@countyy=\count216
\c@blindlist=\count217
\c@blindlistlevel=\count218
\c@blindlist@level=\count219
\blind@listitem=\count220
\c@blind@listcount=\count221
\c@blind@levelcount=\count222
\blind@mathformula=\count223
\blind@Mathformula=\count224
\c@blind@randomcount=\count225
\c@blind@randommax=\count226
\c@blind@pangramcount=\count227
\c@blind@pangrammax=\count228
)
(/usr/local/texlive/2013/texmf-dist/tex/latex/mh/empheq.sty
Package: empheq 2013/02/12 v2.13 Emphasizing equations
\l_EQ_equationtype_int=\count229
\l_EQ_alignmentmode_int=\count230
\l_EQ_totalwidth_dim=\dimen295
\l_EQ_displaywidth_dim=\dimen296
\l_EQ_temp_linewidth_dim=\dimen297
\EmphEqdelimitershortfall=\dimen298
\EmphEqdelimiterfactor=\count231
\g_EQ_toptag_height_dim=\dimen299
\g_EQ_bottomtag_depth_dim=\dimen300
\g_EQ_toprow_height_dim=\dimen301
\g_EQ_bottomrow_depth_dim=\dimen302
\g_EQ_widesttag_dim=\dimen303
\EQ_mathdisplay_box=\box76
\EQ_tag_box=\box77
\g_EQ_temprow_int=\count232
)
(/usr/local/texlive/2013/texmf-dist/tex/latex/fancyref/fancyref.sty
Package: fancyref 1999/02/03 v0.9c Fancy cross-referencing

(/usr/local/texlive/2013/texmf-dist/tex/latex/tools/varioref.sty
Package: varioref 2011/10/02 v1.4z package for extended references (FMi)
\c@vrcnt=\count233
))
(/usr/local/texlive/2013/texmf-dist/tex/latex/sectsty/sectsty.sty
Package: sectsty 2002/02/25 v2.0.2 Commands to change all sectional heading sty
les
)
(/usr/local/texlive/2013/texmf-dist/tex/latex/rotating/rotating.sty
Package: rotating 2009/03/28 v2.16a rotated objects in LaTeX
Normal \count register pool exhausted, switching to extended pool.
\c@r@tfl@t=\count277
\rotFPtop=\skip95
\rotFPbot=\skip96
\rot@float@box=\box78
\rot@mess@toks=\toks75
)
(/usr/local/texlive/2013/texmf-dist/tex/latex/oberdiek/transparent.sty
Package: transparent 2007/01/08 v1.0 Transparency via pdfTeX's color stack (HO)

)
(/usr/local/texlive/2013/texmf-dist/tex/latex/esint/esint.sty
Package: esint 
\symlargesymbolsA=\mathgroup13
)
\c@thm=\count278


LaTeX Warning: Unused global option(s):
    [paper=a4,bibtotocnumbered,liststotocnumbered,tablecaptionabove,pointlessnu
mbers].

(./funktionenraeume.aux

LaTeX Warning: Label `4.6' multiply defined.


LaTeX Warning: Label `eq:4.1' multiply defined.


LaTeX Warning: Label `eq:4.2' multiply defined.


LaTeX Warning: Label `eq:4.3' multiply defined.


LaTeX Warning: Label `4.5' multiply defined.


LaTeX Warning: Label `eq:4.4' multiply defined.


LaTeX Warning: Label `4.9' multiply defined.

)
\openout1 = `funktionenraeume.aux'.

LaTeX Font Info:    Checking defaults for OML/cmm/m/it on input line 150.
LaTeX Font Info:    ... okay on input line 150.
LaTeX Font Info:    Checking defaults for T1/cmr/m/n on input line 150.
LaTeX Font Info:    ... okay on input line 150.
LaTeX Font Info:    Checking defaults for OT1/cmr/m/n on input line 150.
LaTeX Font Info:    ... okay on input line 150.
LaTeX Font Info:    Checking defaults for OMS/cmsy/m/n on input line 150.
LaTeX Font Info:    ... okay on input line 150.
LaTeX Font Info:    Checking defaults for OMX/cmex/m/n on input line 150.
LaTeX Font Info:    ... okay on input line 150.
LaTeX Font Info:    Checking defaults for U/cmr/m/n on input line 150.
LaTeX Font Info:    ... okay on input line 150.
LaTeX Font Info:    Checking defaults for PD1/pdf/m/n on input line 150.
LaTeX Font Info:    ... okay on input line 150.
LaTeX Font Info:    Try loading font information for T1+pplx on input line 150.

 (/usr/local/texlive/2013/texmf-dist/tex/latex/psnfss/t1pplx.fd
File: t1pplx.fd 2004/09/06 font definitions for T1/pplx.
)
LaTeX Font Info:    Try loading font information for OT1+pplx on input line 150
.

(/usr/local/texlive/2013/texmf-dist/tex/latex/psnfss/ot1pplx.fd
File: ot1pplx.fd 2004/09/06 font definitions for OT1/pplx.
)
LaTeX Font Info:    Try loading font information for OML+zplm on input line 150
.

(/usr/local/texlive/2013/texmf-dist/tex/latex/psnfss/omlzplm.fd
File: omlzplm.fd 2002/09/08 Fontinst v1.914 font definitions for OML/zplm.
)
LaTeX Font Info:    Try loading font information for OMS+zplm on input line 150
.

(/usr/local/texlive/2013/texmf-dist/tex/latex/psnfss/omszplm.fd
File: omszplm.fd 2002/09/08 Fontinst v1.914 font definitions for OMS/zplm.
)
LaTeX Font Info:    Try loading font information for OMX+zplm on input line 150
.

(/usr/local/texlive/2013/texmf-dist/tex/latex/psnfss/omxzplm.fd
File: omxzplm.fd 2002/09/08 Fontinst v1.914 font definitions for OMX/zplm.
)
LaTeX Font Info:    Try loading font information for U+msa on input line 150.

(/usr/local/texlive/2013/texmf-dist/tex/latex/amsfonts/umsa.fd
File: umsa.fd 2013/01/14 v3.01 AMS symbols A
)
LaTeX Font Info:    Try loading font information for U+msb on input line 150.

(/usr/local/texlive/2013/texmf-dist/tex/latex/amsfonts/umsb.fd
File: umsb.fd 2013/01/14 v3.01 AMS symbols B
)
LaTeX Font Info:    Try loading font information for U+wasy on input line 150.

(/usr/local/texlive/2013/texmf-dist/tex/latex/wasysym/uwasy.fd
File: uwasy.fd 2003/10/30 v2.0 Wasy-2 symbol font definitions
)
LaTeX Font Info:    Try loading font information for U+lasy on input line 150.

(/usr/local/texlive/2013/texmf-dist/tex/latex/base/ulasy.fd
File: ulasy.fd 1998/08/17 v2.2e LaTeX symbol font definitions
)
LaTeX Font Info:    Try loading font information for OT1+zplm on input line 150
.

(/usr/local/texlive/2013/texmf-dist/tex/latex/psnfss/ot1zplm.fd
File: ot1zplm.fd 2002/09/08 Fontinst v1.914 font definitions for OT1/zplm.
)

LaTeX Font Warning: Font shape `U/wasy/b/n' in size <7.6> not available
(Font)              Font shape `U/wasy/m/n' tried instead on input line 150.


LaTeX Font Warning: Font shape `U/wasy/b/n' in size <6> not available
(Font)              Font shape `U/wasy/m/n' tried instead on input line 150.

LaTeX Font Info:    Try loading font information for U+esint on input line 150.

(/usr/local/texlive/2013/texmf-dist/tex/latex/esint/uesint.fd
File: uesint.fd 
)
Package xypdf Info: Line width: 0.4pt on input line 150.

(/usr/local/texlive/2013/texmf-dist/tex/context/base/supp-pdf.mkii
[Loading MPS to PDF converter (version 2006.09.02).]
\scratchcounter=\count279
\scratchdimen=\dimen304
\scratchbox=\box79
\nofMPsegments=\count280
\nofMParguments=\count281
\everyMPshowfont=\toks76
\MPscratchCnt=\count282
\MPscratchDim=\dimen305
\MPnumerator=\count283
\makeMPintoPDFobject=\count284
\everyMPtoPDFconversion=\toks77
) (/usr/local/texlive/2013/texmf-dist/tex/latex/oberdiek/epstopdf-base.sty
Package: epstopdf-base 2010/02/09 v2.5 Base part for package epstopdf

(/usr/local/texlive/2013/texmf-dist/tex/latex/oberdiek/grfext.sty
Package: grfext 2010/08/19 v1.1 Manage graphics extensions (HO)
)
Package grfext Info: Graphics extension search list:
(grfext)             [.png,.pdf,.jpg,.mps,.jpeg,.jbig2,.jb2,.PNG,.PDF,.JPG,.JPE
G,.JBIG2,.JB2,.eps]
(grfext)             \AppendGraphicsExtensions on input line 452.

(/usr/local/texlive/2013/texmf-dist/tex/latex/latexconfig/epstopdf-sys.cfg
File: epstopdf-sys.cfg 2010/07/13 v1.3 Configuration of (r)epstopdf for TeX Liv
e
))
*geometry* driver: auto-detecting
*geometry* detected driver: pdftex
*geometry* verbose mode - [ preamble ] result:
* driver: pdftex
* paper: <default>
* layout: <same size as paper>
* layoutoffset:(h,v)=(0.0pt,0.0pt)
* modes: twoside 
* h-part:(L,W,R)=(85.35826pt, 443.57848pt, 85.35826pt)
* v-part:(T,H,B)=(56.9055pt, 681.15898pt, 56.9055pt)
* \paperwidth=614.295pt
* \paperheight=794.96999pt
* \textwidth=443.57848pt
* \textheight=681.15898pt
* \oddsidemargin=13.08827pt
* \evensidemargin=13.08827pt
* \topmargin=-52.36449pt
* \headheight=12.0pt
* \headsep=25.0pt
* \topskip=10.0pt
* \footskip=30.0pt
* \marginparwidth=54.2025pt
* \marginparsep=11.0pt
* \columnsep=10.0pt
* \skip\footins=9.0pt plus 4.0pt minus 2.0pt
* \hoffset=0.0pt
* \voffset=0.0pt
* \mag=1000
* \@twocolumnfalse
* \@twosidetrue
* \@mparswitchtrue
* \@reversemarginfalse
* (1in=72.27pt=25.4mm, 1cm=28.453pt)

ABD: EveryShipout initializing macros
\c@lstlisting=\count285
Package caption Info: Begin \AtBeginDocument code.
Package caption Info: hyperref package is loaded.
Package caption Info: rotating package is loaded.
Package caption Info: End \AtBeginDocument code.
\AtBeginShipoutBox=\box80
Package hyperref Info: Link coloring ON on input line 150.

(/usr/local/texlive/2013/texmf-dist/tex/latex/hyperref/nameref.sty
Package: nameref 2012/10/27 v2.43 Cross-referencing by name of section

(/usr/local/texlive/2013/texmf-dist/tex/generic/oberdiek/gettitlestring.sty
Package: gettitlestring 2010/12/03 v1.4 Cleanup title references (HO)
)
\c@section@level=\count286
LaTeX Info: Redefining \Ref on input line 513.
)
LaTeX Info: Redefining \ref on input line 150.
LaTeX Info: Redefining \pageref on input line 150.
LaTeX Info: Redefining \nameref on input line 150.

(./funktionenraeume.out) (./funktionenraeume.out)
\@outlinefile=\write7
\openout7 = `funktionenraeume.out'.

LaTeX Info: Redefining \Ref on input line 150.
LaTeX Font Info:    Font shape `T1/pplx/bx/n' in size <14.4> not available
(Font)              Font shape `T1/pplx/b/n' tried instead on input line 152.
LaTeX Font Info:    Font shape `U/msa/m/n' will be
(Font)              scaled to size 12.50409pt on input line 152.
LaTeX Font Info:    Font shape `U/msa/m/n' will be
(Font)              scaled to size 9.37807pt on input line 152.
LaTeX Font Info:    Font shape `U/msa/m/n' will be
(Font)              scaled to size 7.29405pt on input line 152.
LaTeX Font Info:    Font shape `U/msb/m/n' will be
(Font)              scaled to size 12.50409pt on input line 152.
LaTeX Font Info:    Font shape `U/msb/m/n' will be
(Font)              scaled to size 9.37807pt on input line 152.
LaTeX Font Info:    Font shape `U/msb/m/n' will be
(Font)              scaled to size 7.29405pt on input line 152.


LaTeX Font Warning: Font shape `U/wasy/b/n' in size <9> not available
(Font)              Font shape `U/wasy/m/n' tried instead on input line 152.


LaTeX Font Warning: Font shape `U/wasy/b/n' in size <7> not available
(Font)              Font shape `U/wasy/m/n' tried instead on input line 152.

LaTeX Font Info:    Font shape `T1/pplx/bx/n' in size <12> not available
(Font)              Font shape `T1/pplx/b/n' tried instead on input line 152.
LaTeX Font Info:    Font shape `U/msa/m/n' will be
(Font)              scaled to size 5.21004pt on input line 152.
LaTeX Font Info:    Font shape `U/msb/m/n' will be
(Font)              scaled to size 5.21004pt on input line 152.

LaTeX Font Warning: Font shape `U/wasy/b/n' in size <5> not available
(Font)              Font shape `U/wasy/m/n' tried instead on input line 152.

Package babel Info: Redefining ngerman shorthand "|
(babel)             in language  on input line 152.
Package babel Info: Redefining ngerman shorthand "~
(babel)             in language  on input line 152.
Package babel Info: Redefining ngerman shorthand "|
(babel)             in language  on input line 152.
Package babel Info: Redefining ngerman shorthand "~
(babel)             in language  on input line 152.
[1.1
Non-PDF special ignored!
Non-PDF special ignored!
Non-PDF special ignored!
Non-PDF special ignored!
Non-PDF special ignored!
Non-PDF special ignored!


Non-PDF special ignored!
Non-PDF special ignored!
Non-PDF special ignored!{/usr/local/texlive/2013/texmf-var/fonts/map/pdftex/upd
map/pdftex.map}]
Package babel Info: Redefining ngerman shorthand "|
(babel)             in language hidelinks on input line 153.
Package babel Info: Redefining ngerman shorthand "~
(babel)             in language hidelinks on input line 153.
Package babel Info: Redefining ngerman shorthand "|
(babel)             in language hidelinks on input line 153.
Package babel Info: Redefining ngerman shorthand "~
(babel)             in language hidelinks on input line 153.
 [2.2

]
LaTeX Font Info:    Font shape `T1/pplx/bx/n' in size <24.88> not available
(Font)              Font shape `T1/pplx/b/n' tried instead on input line 153.
 (./funktionenraeume.toc
LaTeX Font Info:    Font shape `T1/pplx/bx/n' in size <10> not available
(Font)              Font shape `T1/pplx/b/n' tried instead on input line 3.
)
\tf@toc=\write8
\openout8 = `funktionenraeume.toc'.

Package babel Info: Redefining ngerman shorthand "|
(babel)             in language  on input line 155.
Package babel Info: Redefining ngerman shorthand "~
(babel)             in language  on input line 155.
Package babel Info: Redefining ngerman shorthand "|
(babel)             in language  on input line 155.
Package babel Info: Redefining ngerman shorthand "~
(babel)             in language  on input line 155.
 [3.3]
LaTeX Font Info:    Try loading font information for U+fplmbb on input line 159
.

(/usr/local/texlive/2013/texmf-dist/tex/latex/psnfss/ufplmbb.fd
File: ufplmbb.fd 2003/10/30 Fontinst v1.914 font definitions for U/fplmbb.
)
Package babel Info: Redefining ngerman shorthand "|
(babel)             in language  on input line 185.
Package babel Info: Redefining ngerman shorthand "~
(babel)             in language  on input line 185.
Package babel Info: Redefining ngerman shorthand "|
(babel)             in language  on input line 185.
Package babel Info: Redefining ngerman shorthand "~
(babel)             in language  on input line 185.
 [4.4]
Kapitel 1.
Package babel Info: Redefining ngerman shorthand "|
(babel)             in language  on input line 185.
Package babel Info: Redefining ngerman shorthand "~
(babel)             in language  on input line 185.
LaTeX Font Info:    Font shape `T1/pplx/bx/n' in size <20.74> not available
(Font)              Font shape `T1/pplx/b/n' tried instead on input line 185.

LaTeX Warning: The counter will not be printed.
             The label is: \quad \color {dblue}$\blacktriangleright $ on input 
line 186.

Missing character: There is no n in font fplmbb!

LaTeX Warning: The counter will not be printed.
             The label is: \quad \color {dblue}$\blacktriangleright $ on input 
line 196.


LaTeX Warning: The counter will not be printed.
             The label is: \quad \color {dblue}$\blacktriangleright $ on input 
line 213.

Package babel Info: Redefining ngerman shorthand "|
(babel)             in language  on input line 223.
Package babel Info: Redefining ngerman shorthand "~
(babel)             in language  on input line 223.
Package babel Info: Redefining ngerman shorthand "|
(babel)             in language  on input line 223.
Package babel Info: Redefining ngerman shorthand "~
(babel)             in language  on input line 223.
[5.5

]
Package babel Info: Redefining ngerman shorthand "|
(babel)             in language  on input line 296.
Package babel Info: Redefining ngerman shorthand "~
(babel)             in language  on input line 296.
Package babel Info: Redefining ngerman shorthand "|
(babel)             in language  on input line 296.
Package babel Info: Redefining ngerman shorthand "~
(babel)             in language  on input line 296.
 [6.6]
LaTeX Font Info:    Font shape `U/msa/m/n' will be
(Font)              scaled to size 8.33606pt on input line 311.
LaTeX Font Info:    Font shape `U/msb/m/n' will be
(Font)              scaled to size 8.33606pt on input line 311.


LaTeX Font Warning: Font shape `U/wasy/b/n' in size <8> not available
(Font)              Font shape `U/wasy/m/n' tried instead on input line 311.

Package babel Info: Redefining ngerman shorthand "|
(babel)             in language  on input line 377.
Package babel Info: Redefining ngerman shorthand "~
(babel)             in language  on input line 377.
Package babel Info: Redefining ngerman shorthand "|
(babel)             in language  on input line 377.
Package babel Info: Redefining ngerman shorthand "~
(babel)             in language  on input line 377.
[7.7]
Package babel Info: Redefining ngerman shorthand "|
(babel)             in language  on input line 456.
Package babel Info: Redefining ngerman shorthand "~
(babel)             in language  on input line 456.
Package babel Info: Redefining ngerman shorthand "|
(babel)             in language  on input line 456.
Package babel Info: Redefining ngerman shorthand "~
(babel)             in language  on input line 456.
 [8.8]
Package babel Info: Redefining ngerman shorthand "|
(babel)             in language  on input line 483.
Package babel Info: Redefining ngerman shorthand "~
(babel)             in language  on input line 483.
Package babel Info: Redefining ngerman shorthand "|
(babel)             in language  on input line 483.
Package babel Info: Redefining ngerman shorthand "~
(babel)             in language  on input line 483.
 [9.9]
Package babel Info: Redefining ngerman shorthand "|
(babel)             in language  on input line 483.
Package babel Info: Redefining ngerman shorthand "~
(babel)             in language  on input line 483.
Package babel Info: Redefining ngerman shorthand "|
(babel)             in language  on input line 483.
Package babel Info: Redefining ngerman shorthand "~
(babel)             in language  on input line 483.
 [10.10

]
Kapitel 2.
Package babel Info: Redefining ngerman shorthand "|
(babel)             in language  on input line 483.
Package babel Info: Redefining ngerman shorthand "~
(babel)             in language  on input line 483.
LaTeX Font Info:    Font shape `T1/pplx/bx/it' in size <10> not available
(Font)              Font shape `T1/pplx/b/it' tried instead on input line 496.
Package babel Info: Redefining ngerman shorthand "|
(babel)             in language  on input line 525.
Package babel Info: Redefining ngerman shorthand "~
(babel)             in language  on input line 525.
Package babel Info: Redefining ngerman shorthand "|
(babel)             in language  on input line 525.
Package babel Info: Redefining ngerman shorthand "~
(babel)             in language  on input line 525.
[11.11]

Package hyperref Warning: Difference (2) between bookmark levels is greater 
(hyperref)                than one, level fixed on input line 535.

Package babel Info: Redefining ngerman shorthand "|
(babel)             in language  on input line 535.
Package babel Info: Redefining ngerman shorthand "~
(babel)             in language  on input line 535.

Underfull \hbox (badness 10000) in paragraph at lines 555--558

 []

Package babel Info: Redefining ngerman shorthand "|
(babel)             in language  on input line 586.
Package babel Info: Redefining ngerman shorthand "~
(babel)             in language  on input line 586.
Package babel Info: Redefining ngerman shorthand "|
(babel)             in language  on input line 586.
Package babel Info: Redefining ngerman shorthand "~
(babel)             in language  on input line 586.
[12.12]
Package babel Info: Redefining ngerman shorthand "|
(babel)             in language  on input line 630.
Package babel Info: Redefining ngerman shorthand "~
(babel)             in language  on input line 630.
Package babel Info: Redefining ngerman shorthand "|
(babel)             in language  on input line 630.
Package babel Info: Redefining ngerman shorthand "~
(babel)             in language  on input line 630.
 [13.13]
Package babel Info: Redefining ngerman shorthand "|
(babel)             in language  on input line 682.
Package babel Info: Redefining ngerman shorthand "~
(babel)             in language  on input line 682.
Package babel Info: Redefining ngerman shorthand "|
(babel)             in language  on input line 682.
Package babel Info: Redefining ngerman shorthand "~
(babel)             in language  on input line 682.
 [14.14]
Package babel Info: Redefining ngerman shorthand "|
(babel)             in language  on input line 740.
Package babel Info: Redefining ngerman shorthand "~
(babel)             in language  on input line 740.
Package babel Info: Redefining ngerman shorthand "|
(babel)             in language  on input line 740.
Package babel Info: Redefining ngerman shorthand "~
(babel)             in language  on input line 740.
 [15.15]
Package babel Info: Redefining ngerman shorthand "|
(babel)             in language  on input line 753.
Package babel Info: Redefining ngerman shorthand "~
(babel)             in language  on input line 753.
Package babel Info: Redefining ngerman shorthand "|
(babel)             in language  on input line 754.
Package babel Info: Redefining ngerman shorthand "~
(babel)             in language  on input line 754.
LaTeX Font Info:    Try loading font information for OMS+pplx on input line 773
.
LaTeX Font Info:    No file OMSpplx.fd. on input line 773.


LaTeX Font Warning: Font shape `OMS/pplx/m/n' undefined
(Font)              using `OMS/cmsy/m/n' instead
(Font)              for symbol `textbullet' on input line 773.


Underfull \hbox (badness 10000) in paragraph at lines 773--774

 []

Package babel Info: Redefining ngerman shorthand "|
(babel)             in language  on input line 784.
Package babel Info: Redefining ngerman shorthand "~
(babel)             in language  on input line 784.
Package babel Info: Redefining ngerman shorthand "|
(babel)             in language  on input line 784.
Package babel Info: Redefining ngerman shorthand "~
(babel)             in language  on input line 784.
[16.16]
Package babel Info: Redefining ngerman shorthand "|
(babel)             in language  on input line 845.
Package babel Info: Redefining ngerman shorthand "~
(babel)             in language  on input line 845.
Package babel Info: Redefining ngerman shorthand "|
(babel)             in language  on input line 845.
Package babel Info: Redefining ngerman shorthand "~
(babel)             in language  on input line 845.
 [17.17]
Package babel Info: Redefining ngerman shorthand "|
(babel)             in language  on input line 891.
Package babel Info: Redefining ngerman shorthand "~
(babel)             in language  on input line 891.
Package babel Info: Redefining ngerman shorthand "|
(babel)             in language  on input line 891.
Package babel Info: Redefining ngerman shorthand "~
(babel)             in language  on input line 891.
 [18.18]

LaTeX Warning: Reference `3.3' on page 19 undefined on input line 926.

Package babel Info: Redefining ngerman shorthand "|
(babel)             in language  on input line 954.
Package babel Info: Redefining ngerman shorthand "~
(babel)             in language  on input line 954.
Package babel Info: Redefining ngerman shorthand "|
(babel)             in language  on input line 954.
Package babel Info: Redefining ngerman shorthand "~
(babel)             in language  on input line 954.
[19.19]

LaTeX Warning: Reference `3.3' on page 20 undefined on input line 985.

Package babel Info: Redefining ngerman shorthand "|
(babel)             in language  on input line 1029.
Package babel Info: Redefining ngerman shorthand "~
(babel)             in language  on input line 1029.
Package babel Info: Redefining ngerman shorthand "|
(babel)             in language  on input line 1029.
Package babel Info: Redefining ngerman shorthand "~
(babel)             in language  on input line 1029.
[20.20]
Package babel Info: Redefining ngerman shorthand "|
(babel)             in language  on input line 1073.
Package babel Info: Redefining ngerman shorthand "~
(babel)             in language  on input line 1073.
Package babel Info: Redefining ngerman shorthand "|
(babel)             in language  on input line 1073.
Package babel Info: Redefining ngerman shorthand "~
(babel)             in language  on input line 1073.
 [21.21]

LaTeX Warning: Command \" invalid in math mode on input line 1103.

Missing character: There is no  in font pplr9t!

LaTeX Warning: Command \" invalid in math mode on input line 1103.

Missing character: There is no  in font pplr9t!
Package babel Info: Redefining ngerman shorthand "|
(babel)             in language  on input line 1121.
Package babel Info: Redefining ngerman shorthand "~
(babel)             in language  on input line 1121.
Package babel Info: Redefining ngerman shorthand "|
(babel)             in language  on input line 1121.
Package babel Info: Redefining ngerman shorthand "~
(babel)             in language  on input line 1121.
[22.22]
Package babel Info: Redefining ngerman shorthand "|
(babel)             in language  on input line 1168.
Package babel Info: Redefining ngerman shorthand "~
(babel)             in language  on input line 1168.
Package babel Info: Redefining ngerman shorthand "|
(babel)             in language  on input line 1168.
Package babel Info: Redefining ngerman shorthand "~
(babel)             in language  on input line 1168.
 [23.23]
Package babel Info: Redefining ngerman shorthand "|
(babel)             in language  on input line 1168.
Package babel Info: Redefining ngerman shorthand "~
(babel)             in language  on input line 1168.
Package babel Info: Redefining ngerman shorthand "|
(babel)             in language  on input line 1168.
Package babel Info: Redefining ngerman shorthand "~
(babel)             in language  on input line 1168.
 [24.24

]
Kapitel 3.
Package babel Info: Redefining ngerman shorthand "|
(babel)             in language  on input line 1168.
Package babel Info: Redefining ngerman shorthand "~
(babel)             in language  on input line 1168.
Package babel Info: Redefining ngerman shorthand "|
(babel)             in language  on input line 1215.
Package babel Info: Redefining ngerman shorthand "~
(babel)             in language  on input line 1215.
Package babel Info: Redefining ngerman shorthand "|
(babel)             in language  on input line 1215.
Package babel Info: Redefining ngerman shorthand "~
(babel)             in language  on input line 1215.
[25.25]
Package babel Info: Redefining ngerman shorthand "|
(babel)             in language  on input line 1278.
Package babel Info: Redefining ngerman shorthand "~
(babel)             in language  on input line 1278.
Package babel Info: Redefining ngerman shorthand "|
(babel)             in language  on input line 1278.
Package babel Info: Redefining ngerman shorthand "~
(babel)             in language  on input line 1278.
 [26.26]
Package babel Info: Redefining ngerman shorthand "|
(babel)             in language  on input line 1338.
Package babel Info: Redefining ngerman shorthand "~
(babel)             in language  on input line 1338.
Package babel Info: Redefining ngerman shorthand "|
(babel)             in language  on input line 1338.
Package babel Info: Redefining ngerman shorthand "~
(babel)             in language  on input line 1338.
 [27.27]
Package babel Info: Redefining ngerman shorthand "|
(babel)             in language  on input line 1407.
Package babel Info: Redefining ngerman shorthand "~
(babel)             in language  on input line 1407.
Package babel Info: Redefining ngerman shorthand "|
(babel)             in language  on input line 1407.
Package babel Info: Redefining ngerman shorthand "~
(babel)             in language  on input line 1407.
 [28.28]
Package babel Info: Redefining ngerman shorthand "|
(babel)             in language  on input line 1453.
Package babel Info: Redefining ngerman shorthand "~
(babel)             in language  on input line 1453.
Package babel Info: Redefining ngerman shorthand "|
(babel)             in language  on input line 1453.
Package babel Info: Redefining ngerman shorthand "~
(babel)             in language  on input line 1453.
 [29.29]
Package babel Info: Redefining ngerman shorthand "|
(babel)             in language  on input line 1472.
Package babel Info: Redefining ngerman shorthand "~
(babel)             in language  on input line 1472.
Package babel Info: Redefining ngerman shorthand "|
(babel)             in language  on input line 1516.
Package babel Info: Redefining ngerman shorthand "~
(babel)             in language  on input line 1516.
Package babel Info: Redefining ngerman shorthand "|
(babel)             in language  on input line 1516.
Package babel Info: Redefining ngerman shorthand "~
(babel)             in language  on input line 1516.
 [30.30]

LaTeX Warning: Reference `4.?' on page 31 undefined on input line 1516.


LaTeX Warning: Reference `4.?' on page 31 undefined on input line 1518.


LaTeX Warning: Reference `4.8' on page 31 undefined on input line 1533.

Package babel Info: Redefining ngerman shorthand "|
(babel)             in language  on input line 1538.
Package babel Info: Redefining ngerman shorthand "~
(babel)             in language  on input line 1538.

LaTeX Warning: Reference `4.??' on page 31 undefined on input line 1564.

Package babel Info: Redefining ngerman shorthand "|
(babel)             in language  on input line 1575.
Package babel Info: Redefining ngerman shorthand "~
(babel)             in language  on input line 1575.
Package babel Info: Redefining ngerman shorthand "|
(babel)             in language  on input line 1575.
Package babel Info: Redefining ngerman shorthand "~
(babel)             in language  on input line 1575.
[31.31]
LaTeX Font Info:    Font shape `U/msa/m/n' will be
(Font)              scaled to size 15.0049pt on input line 1609.
LaTeX Font Info:    Font shape `U/msb/m/n' will be
(Font)              scaled to size 15.0049pt on input line 1609.
Package babel Info: Redefining ngerman shorthand "|
(babel)             in language  on input line 1609.
Package babel Info: Redefining ngerman shorthand "~
(babel)             in language  on input line 1609.


Package hyperref Warning: Token not allowed in a PDF string (PDFDocEncoding):
(hyperref)                removing `math shift' on input line 1609.


Package hyperref Warning: Token not allowed in a PDF string (PDFDocEncoding):
(hyperref)                removing `superscript' on input line 1609.


Package hyperref Warning: Token not allowed in a PDF string (PDFDocEncoding):
(hyperref)                removing `math shift' on input line 1609.

Package babel Info: Redefining ngerman shorthand "|
(babel)             in language  on input line 1631.
Package babel Info: Redefining ngerman shorthand "~
(babel)             in language  on input line 1631.
Package babel Info: Redefining ngerman shorthand "|
(babel)             in language  on input line 1631.
Package babel Info: Redefining ngerman shorthand "~
(babel)             in language  on input line 1631.
[32.32]
Overfull \hbox (25.66556pt too wide) in paragraph at lines 1661--1661
[] 
 []

Package babel Info: Redefining ngerman shorthand "|
(babel)             in language  on input line 1688.
Package babel Info: Redefining ngerman shorthand "~
(babel)             in language  on input line 1688.
Package babel Info: Redefining ngerman shorthand "|
(babel)             in language  on input line 1688.
Package babel Info: Redefining ngerman shorthand "~
(babel)             in language  on input line 1688.
[33.33]
Package babel Info: Redefining ngerman shorthand "|
(babel)             in language  on input line 1741.
Package babel Info: Redefining ngerman shorthand "~
(babel)             in language  on input line 1741.
Package babel Info: Redefining ngerman shorthand "|
(babel)             in language  on input line 1741.
Package babel Info: Redefining ngerman shorthand "~
(babel)             in language  on input line 1741.
 [34.34]
Package babel Info: Redefining ngerman shorthand "|
(babel)             in language  on input line 1744.
Package babel Info: Redefining ngerman shorthand "~
(babel)             in language  on input line 1744.
Package babel Info: Redefining ngerman shorthand "|
(babel)             in language  on input line 1744.
Package babel Info: Redefining ngerman shorthand "~
(babel)             in language  on input line 1744.
 [35.35]
Package babel Info: Redefining ngerman shorthand "|
(babel)             in language  on input line 1744.
Package babel Info: Redefining ngerman shorthand "~
(babel)             in language  on input line 1744.
Package babel Info: Redefining ngerman shorthand "|
(babel)             in language  on input line 1744.
Package babel Info: Redefining ngerman shorthand "~
(babel)             in language  on input line 1744.
 [36.36

]
Kapitel 4.
Package babel Info: Redefining ngerman shorthand "|
(babel)             in language  on input line 1744.
Package babel Info: Redefining ngerman shorthand "~
(babel)             in language  on input line 1744.
Package babel Info: Redefining ngerman shorthand "|
(babel)             in language  on input line 1798.
Package babel Info: Redefining ngerman shorthand "~
(babel)             in language  on input line 1798.
Package babel Info: Redefining ngerman shorthand "|
(babel)             in language  on input line 1798.
Package babel Info: Redefining ngerman shorthand "~
(babel)             in language  on input line 1798.
[37.37]
Package babel Info: Redefining ngerman shorthand "|
(babel)             in language  on input line 1864.
Package babel Info: Redefining ngerman shorthand "~
(babel)             in language  on input line 1864.
Package babel Info: Redefining ngerman shorthand "|
(babel)             in language  on input line 1864.
Package babel Info: Redefining ngerman shorthand "~
(babel)             in language  on input line 1864.
 [38.38]
Package babel Info: Redefining ngerman shorthand "|
(babel)             in language  on input line 1926.
Package babel Info: Redefining ngerman shorthand "~
(babel)             in language  on input line 1926.
Package babel Info: Redefining ngerman shorthand "|
(babel)             in language  on input line 1926.
Package babel Info: Redefining ngerman shorthand "~
(babel)             in language  on input line 1926.
 [39.39]
Package babel Info: Redefining ngerman shorthand "|
(babel)             in language  on input line 1968.
Package babel Info: Redefining ngerman shorthand "~
(babel)             in language  on input line 1968.
Package babel Info: Redefining ngerman shorthand "|
(babel)             in language  on input line 1989.
Package babel Info: Redefining ngerman shorthand "~
(babel)             in language  on input line 1989.
Package babel Info: Redefining ngerman shorthand "|
(babel)             in language  on input line 1989.
Package babel Info: Redefining ngerman shorthand "~
(babel)             in language  on input line 1989.
 [40.40]

LaTeX Font Warning: Font shape `T1/pplx/bx/sc' undefined
(Font)              using `T1/pplx/bx/n' instead on input line 1995.

Package babel Info: Redefining ngerman shorthand "|
(babel)             in language  on input line 1995.
Package babel Info: Redefining ngerman shorthand "~
(babel)             in language  on input line 1995.
Package babel Info: Redefining ngerman shorthand "|
(babel)             in language  on input line 2039.
Package babel Info: Redefining ngerman shorthand "~
(babel)             in language  on input line 2039.
Package babel Info: Redefining ngerman shorthand "|
(babel)             in language  on input line 2039.
Package babel Info: Redefining ngerman shorthand "~
(babel)             in language  on input line 2039.
[41.41]
Package babel Info: Redefining ngerman shorthand "|
(babel)             in language  on input line 2096.
Package babel Info: Redefining ngerman shorthand "~
(babel)             in language  on input line 2096.
Package babel Info: Redefining ngerman shorthand "|
(babel)             in language  on input line 2096.
Package babel Info: Redefining ngerman shorthand "~
(babel)             in language  on input line 2096.
 [42.42]
Package babel Info: Redefining ngerman shorthand "|
(babel)             in language  on input line 2167.
Package babel Info: Redefining ngerman shorthand "~
(babel)             in language  on input line 2167.
Package babel Info: Redefining ngerman shorthand "|
(babel)             in language  on input line 2167.
Package babel Info: Redefining ngerman shorthand "~
(babel)             in language  on input line 2167.
 [43.43]
Package babel Info: Redefining ngerman shorthand "|
(babel)             in language  on input line 2198.
Package babel Info: Redefining ngerman shorthand "~
(babel)             in language  on input line 2198.
Package babel Info: Redefining ngerman shorthand "|
(babel)             in language  on input line 2198.
Package babel Info: Redefining ngerman shorthand "~
(babel)             in language  on input line 2198.
 [44.44]
Package babel Info: Redefining ngerman shorthand "|
(babel)             in language  on input line 2245.
Package babel Info: Redefining ngerman shorthand "~
(babel)             in language  on input line 2245.
Package babel Info: Redefining ngerman shorthand "|
(babel)             in language  on input line 2245.
Package babel Info: Redefining ngerman shorthand "~
(babel)             in language  on input line 2245.
 [45.45]
Package babel Info: Redefining ngerman shorthand "|
(babel)             in language  on input line 2250.
Package babel Info: Redefining ngerman shorthand "~
(babel)             in language  on input line 2250.
Missing character: There is no 
 in font fplmbb!
Package babel Info: Redefining ngerman shorthand "|
(babel)             in language  on input line 2308.
Package babel Info: Redefining ngerman shorthand "~
(babel)             in language  on input line 2308.
Package babel Info: Redefining ngerman shorthand "|
(babel)             in language  on input line 2308.
Package babel Info: Redefining ngerman shorthand "~
(babel)             in language  on input line 2308.
 [46.46]
Package babel Info: Redefining ngerman shorthand "|
(babel)             in language  on input line 2371.
Package babel Info: Redefining ngerman shorthand "~
(babel)             in language  on input line 2371.
Package babel Info: Redefining ngerman shorthand "|
(babel)             in language  on input line 2371.
Package babel Info: Redefining ngerman shorthand "~
(babel)             in language  on input line 2371.
 [47.47]
Package babel Info: Redefining ngerman shorthand "|
(babel)             in language  on input line 2424.
Package babel Info: Redefining ngerman shorthand "~
(babel)             in language  on input line 2424.
Package babel Info: Redefining ngerman shorthand "|
(babel)             in language  on input line 2424.
Package babel Info: Redefining ngerman shorthand "~
(babel)             in language  on input line 2424.
 [48.48]
Overfull \hbox (4.49681pt too wide) in paragraph at lines 2461--2462
[]\T1/pplx/m/n/10 Sei nun $\OT1/zplm/m/n/10 (\OML/zplm/m/it/10 f[]\OT1/zplm/m/n
/10 )$\T1/pplx/m/n/10 . Cauchy-Folge in $\OML/zplm/m/it/10 F\OT1/zplm/m/n/10 (\
OML/zplm/m/it/10 X[]\OT1/pplx/m/n/10 , \OML/zplm/m/it/10 X[]\OT1/zplm/m/n/10 )$
\T1/pplx/m/n/10 . Dann ist $\OT1/zplm/m/n/10 (\OML/zplm/m/it/10 f[]\OT1/zplm/m/
n/10 )$\T1/pplx/m/n/10 , nach [][], ei-ne Cauchy-fol-ge in $\OML/zplm/m/it/10 C
[]\OT1/zplm/m/n/10 (\OML/zplm/m/it/10 S\OT1/pplx/m/n/10 ; \OML/zplm/m/it/10 X[]
\OT1/zplm/m/n/10 )$\T1/pplx/m/n/10 .
 []

Package babel Info: Redefining ngerman shorthand "|
(babel)             in language  on input line 2491.
Package babel Info: Redefining ngerman shorthand "~
(babel)             in language  on input line 2491.
Package babel Info: Redefining ngerman shorthand "|
(babel)             in language  on input line 2491.
Package babel Info: Redefining ngerman shorthand "~
(babel)             in language  on input line 2491.
[49.49]
Package babel Info: Redefining ngerman shorthand "|
(babel)             in language  on input line 2554.
Package babel Info: Redefining ngerman shorthand "~
(babel)             in language  on input line 2554.
Package babel Info: Redefining ngerman shorthand "|
(babel)             in language  on input line 2554.
Package babel Info: Redefining ngerman shorthand "~
(babel)             in language  on input line 2554.
 [50.50]
Package babel Info: Redefining ngerman shorthand "|
(babel)             in language  on input line 2574.
Package babel Info: Redefining ngerman shorthand "~
(babel)             in language  on input line 2574.
Package babel Info: Redefining ngerman shorthand "|
(babel)             in language  on input line 2574.
Package babel Info: Redefining ngerman shorthand "~
(babel)             in language  on input line 2574.
 [51.51]
Package babel Info: Redefining ngerman shorthand "|
(babel)             in language  on input line 2574.
Package babel Info: Redefining ngerman shorthand "~
(babel)             in language  on input line 2574.
Package babel Info: Redefining ngerman shorthand "|
(babel)             in language  on input line 2574.
Package babel Info: Redefining ngerman shorthand "~
(babel)             in language  on input line 2574.
 [52.52

]
Package babel Info: Redefining ngerman shorthand "|
(babel)             in language  on input line 2577.
Package babel Info: Redefining ngerman shorthand "~
(babel)             in language  on input line 2577.
Package babel Info: Redefining ngerman shorthand "|
(babel)             in language  on input line 2577.
Package babel Info: Redefining ngerman shorthand "~
(babel)             in language  on input line 2577.
 [53.53]
Package atveryend Info: Empty hook `BeforeClearDocument' on input line 2577.
Package atveryend Info: Empty hook `AfterLastShipout' on input line 2577.
 (./funktionenraeume.aux)
Package atveryend Info: Executing hook `AtVeryEndDocument' on input line 2577.
Package atveryend Info: Executing hook `AtEndAfterFileList' on input line 2577.

Package rerunfilecheck Info: File `funktionenraeume.out' has not changed.
(rerunfilecheck)             Checksum: 541F4F21DC269573212E96E4F08399DA;891.


LaTeX Font Warning: Some font shapes were not available, defaults substituted.


LaTeX Warning: There were undefined references.


LaTeX Warning: There were multiply-defined labels.

Package atveryend Info: Empty hook `AtVeryVeryEnd' on input line 2577.
 ) 
Here is how much of TeX's memory you used:
 30972 strings out of 493315
 534206 string characters out of 6137904
 887986 words of memory out of 5000000
 33451 multiletter control sequences out of 15000+600000
 101826 words of font info for 225 fonts, out of 8000000 for 9000
 957 hyphenation exceptions out of 8191
 53i,19n,92p,3263b,590s stack positions out of 5000i,500n,10000p,200000b,80000s
{/usr/local/texlive/2013/texmf-dist/fonts/enc/dvips/base/8r.enc}</usr/local/t
exlive/2013/texmf-dist/fonts/type1/public/amsfonts/cm/cmex10.pfb></usr/local/te
xlive/2013/texmf-dist/fonts/type1/public/amsfonts/cm/cmmi10.pfb></usr/local/tex
live/2013/texmf-dist/fonts/type1/public/amsfonts/cm/cmr10.pfb></usr/local/texli
ve/2013/texmf-dist/fonts/type1/public/amsfonts/cm/cmsy10.pfb></usr/local/texliv
e/2013/texmf-dist/fonts/type1/public/esint-type1/esint10.pfb></usr/local/texliv
e/2013/texmf-dist/fonts/type1/public/mathpazo/fplmbb.pfb></usr/local/texlive/20
13/texmf-dist/fonts/type1/public/mathpazo/fplmbi.pfb></usr/local/texlive/2013/t
exmf-dist/fonts/type1/public/mathpazo/fplmr.pfb></usr/local/texlive/2013/texmf-
dist/fonts/type1/public/mathpazo/fplmri.pfb></usr/local/texlive/2013/texmf-dist
/fonts/type1/public/fpl/fplrc8a.pfb></usr/local/texlive/2013/texmf-dist/fonts/t
ype1/public/amsfonts/symbols/msam10.pfb></usr/local/texlive/2013/texmf-dist/fon
ts/type1/urw/palatino/uplb8a.pfb></usr/local/texlive/2013/texmf-dist/fonts/type
1/urw/palatino/uplbi8a.pfb></usr/local/texlive/2013/texmf-dist/fonts/type1/urw/
palatino/uplr8a.pfb></usr/local/texlive/2013/texmf-dist/fonts/type1/urw/palatin
o/uplri8a.pfb>
Output written on funktionenraeume.pdf (53 pages, 345078 bytes).
PDF statistics:
 652 PDF objects out of 1000 (max. 8388607)
 547 compressed objects within 6 object streams
 220 named destinations out of 1000 (max. 500000)
 117 words of extra memory for PDF output out of 10000 (max. 10000000)

